2025-06-27 09:23:47 - printf.js - INFO - db info: postgres@localhost:5430/chatAVA
2025-06-27 09:23:50 - printf.js - INFO - SSO_TYPE: 
2025-06-27 09:23:56 - printf.js - INFO - server is connection at http://localhost:8081
2025-06-27 09:23:56 - printf.js - ERROR - Redis 客戶端錯誤:
2025-06-27 09:23:56 - printf.js - ERROR - Redis 客戶端錯誤:
2025-06-27 09:23:56 - printf.js - INFO - Redis 客戶端連接成功
2025-06-27 09:23:56 - printf.js - INFO - Redis 客戶端連接成功
2025-06-27 09:23:56 - printf.js - INFO - 所有 Redis 客戶端已連接
2025-06-27 09:24:57 - printf.js - INFO - initial reids: function v4(options, buf, offset) {
  if (_native.default.randomUUID && !buf && !options) {
    return _native.default.randomUUID();
  }

  options = options || {};

  const rnds = options.random || (options.rng || _rng.default)(); // Per 4.4, set bits for version and `clock_seq_hi_and_reserved`


  rnds[6] = rnds[6] & 0x0f | 0x40;
  rnds[8] = rnds[8] & 0x3f | 0x80; // Copy bytes to buffer, if provided

  if (buf) {
    offset = offset || 0;

    for (let i = 0; i < 16; ++i) {
      buf[offset + i] = rnds[i];
    }

    return buf;
  }

  return (0, _stringify.unsafeStringify)(rnds);
}
2025-06-27 09:24:57 - printf.js - DEBUG - Connected to PostgreSQL database successfully.
2025-06-27 09:24:58 - printf.js - INFO - here, extra={
  "uid": "6e5a613a-224c-417d-9ac5-a64514c42af5",
  "nickname": "遊客",
  "user_no": "guest",
  "sex": "1",
  "avatar": null,
  "user_type": "guest"
}
2025-06-27 09:25:06 - printf.js - DEBUG - Connected to PostgreSQL database successfully.
2025-06-27 09:25:07 - printf.js - INFO - userInfo, extra={
  "uid": "6e5a613a-224c-417d-9ac5-a64514c42af5",
  "nickname": "遊客",
  "user_no": "guest",
  "sex": "1",
  "avatar": null,
  "user_type": "guest"
}
2025-06-27 09:25:15 - printf.js - INFO - 專家excel專家尚無聊天室，開始建立聊天室...
2025-06-27 09:25:15 - printf.js - INFO - 專家中鋼專家尚無聊天室，開始建立聊天室...
2025-06-27 09:25:15 - printf.js - INFO - 專家t1尚無聊天室，開始建立聊天室...
2025-06-27 09:25:16 - printf.js - DEBUG - Connected to PostgreSQL database successfully.
2025-06-27 09:25:16 - printf.js - INFO - 專家excel專家聊天室建立完成 !
2025-06-27 09:25:16 - printf.js - INFO - 專家中鋼專家聊天室建立完成 !
2025-06-27 09:25:16 - printf.js - INFO - 專家t1聊天室建立完成 !
2025-06-27 09:25:16 - printf.js - INFO - expertSkillRows []
2025-06-27 09:25:17 - printf.js - INFO - bot.getIconList:, extra={
  "expertId": "23"
}
2025-06-27 09:25:17 - printf.js - DEBUG - Connected to PostgreSQL database successfully.
2025-06-27 09:25:17 - printf.js - INFO - userInfo, extra={
  "uid": "6e5a613a-224c-417d-9ac5-a64514c42af5",
  "nickname": "遊客",
  "user_no": "guest",
  "sex": "1",
  "avatar": null,
  "user_type": "guest"
}
