2025-06-24 09:08:25 - printf.js - INFO - db info: postgres@localhost:5430/chatAVA
2025-06-24 09:08:28 - printf.js - INFO - SSO_TYPE: 
2025-06-24 09:08:32 - printf.js - INFO - server is connection at http://localhost:8081
2025-06-24 09:08:32 - printf.js - ERROR - Redis 客戶端錯誤:
2025-06-24 09:08:32 - printf.js - ERROR - Redis 客戶端錯誤:
2025-06-24 09:08:32 - printf.js - INFO - Redis 客戶端連接成功
2025-06-24 09:08:32 - printf.js - INFO - Redis 客戶端連接成功
2025-06-24 09:08:32 - printf.js - INFO - 所有 Redis 客戶端已連接
2025-06-24 13:29:52 - printf.js - INFO - db info: postgres@localhost:5430/chatAVA
2025-06-24 13:29:54 - printf.js - INFO - SSO_TYPE: 
2025-06-24 13:29:59 - printf.js - INFO - server is connection at http://localhost:8081
2025-06-24 13:29:59 - printf.js - ERROR - Redis 客戶端錯誤:
2025-06-24 13:29:59 - printf.js - ERROR - Redis 客戶端錯誤:
2025-06-24 13:29:59 - printf.js - INFO - Redis 客戶端連接成功
2025-06-24 13:29:59 - printf.js - INFO - Redis 客戶端連接成功
2025-06-24 13:29:59 - printf.js - INFO - 所有 Redis 客戶端已連接
2025-06-24 14:43:58 - printf.js - INFO - db info: postgres@localhost:5430/chatAVA
2025-06-24 14:44:01 - printf.js - INFO - SSO_TYPE: 
2025-06-24 14:44:06 - printf.js - INFO - server is connection at http://localhost:8081
2025-06-24 14:44:06 - printf.js - ERROR - Redis 客戶端錯誤:
2025-06-24 14:44:06 - printf.js - ERROR - Redis 客戶端錯誤:
2025-06-24 14:44:06 - printf.js - INFO - Redis 客戶端連接成功
2025-06-24 14:44:06 - printf.js - INFO - Redis 客戶端連接成功
2025-06-24 14:44:06 - printf.js - INFO - 所有 Redis 客戶端已連接
2025-06-24 15:11:02 - printf.js - INFO - db info: postgres@localhost:5430/chatAVA
2025-06-24 15:11:04 - printf.js - INFO - SSO_TYPE: 
2025-06-24 15:11:09 - printf.js - INFO - server is connection at http://localhost:8081
2025-06-24 15:11:09 - printf.js - ERROR - Redis 客戶端錯誤:
2025-06-24 15:11:09 - printf.js - ERROR - Redis 客戶端錯誤:
2025-06-24 15:11:09 - printf.js - INFO - Redis 客戶端連接成功
2025-06-24 15:11:09 - printf.js - INFO - Redis 客戶端連接成功
2025-06-24 15:11:09 - printf.js - INFO - 所有 Redis 客戶端已連接
2025-06-24 15:12:44 - printf.js - DEBUG - Connected to PostgreSQL database successfully.
2025-06-24 15:12:55 - printf.js - DEBUG - Connected to PostgreSQL database successfully.
2025-06-24 15:12:55 - printf.js - DEBUG - Connected to PostgreSQL database successfully.
2025-06-24 15:12:56 - printf.js - INFO - userInfo, extra={
  "uid": "6839dbd7-14f3-42c1-8902-4654cb8ea49b",
  "nickname": "遊客",
  "user_no": "guest",
  "sex": "1",
  "avatar": null,
  "user_type": "guest"
}
2025-06-24 15:13:11 - printf.js - DEBUG - Connected to PostgreSQL database successfully.
2025-06-24 15:13:11 - printf.js - DEBUG - Connected to PostgreSQL database successfully.
2025-06-24 15:13:11 - printf.js - DEBUG - Connected to PostgreSQL database successfully.
2025-06-24 15:13:12 - printf.js - INFO - expertSkillRows []
2025-06-24 15:13:13 - printf.js - INFO - userInfo, extra={
  "uid": "6839dbd7-14f3-42c1-8902-4654cb8ea49b",
  "nickname": "遊客",
  "user_no": "guest",
  "sex": "1",
  "avatar": null,
  "user_type": "guest"
}
2025-06-24 15:13:13 - printf.js - INFO - bot.getIconList:, extra={
  "expertId": "23"
}
2025-06-24 15:13:27 - printf.js - DEBUG - Connected to PostgreSQL database successfully.
2025-06-24 15:13:27 - printf.js - INFO - here, extra={
  "uid": "d3a62b6c-086b-4819-be53-7cd9a5c60f0b",
  "nickname": "遊客",
  "user_no": "guest",
  "sex": "1",
  "avatar": null,
  "user_type": "guest"
}
2025-06-24 15:13:28 - printf.js - DEBUG - Connected to PostgreSQL database successfully.
2025-06-24 15:13:28 - printf.js - INFO - userInfo, extra={
  "uid": "d3a62b6c-086b-4819-be53-7cd9a5c60f0b",
  "nickname": "遊客",
  "user_no": "guest",
  "sex": "1",
  "avatar": null,
  "user_type": "guest"
}
2025-06-24 15:13:29 - printf.js - INFO - 專家excel專家尚無聊天室，開始建立聊天室...
2025-06-24 15:13:29 - printf.js - INFO - 專家中鋼專家尚無聊天室，開始建立聊天室...
2025-06-24 15:13:29 - printf.js - INFO - 專家t1尚無聊天室，開始建立聊天室...
2025-06-24 15:13:29 - printf.js - INFO - 專家excel專家聊天室建立完成 !
2025-06-24 15:13:29 - printf.js - INFO - 專家中鋼專家聊天室建立完成 !
2025-06-24 15:13:29 - printf.js - DEBUG - Connected to PostgreSQL database successfully.
2025-06-24 15:13:30 - printf.js - INFO - 專家t1聊天室建立完成 !
2025-06-24 15:13:30 - printf.js - INFO - expertSkillRows []
2025-06-24 15:13:30 - printf.js - INFO - bot.getIconList:, extra={
  "expertId": "23"
}
2025-06-24 15:13:30 - printf.js - INFO - userInfo, extra={
  "uid": "d3a62b6c-086b-4819-be53-7cd9a5c60f0b",
  "nickname": "遊客",
  "user_no": "guest",
  "sex": "1",
  "avatar": null,
  "user_type": "guest"
}
2025-06-24 15:13:48 - printf.js - DEBUG - Connected to PostgreSQL database successfully.
2025-06-24 15:13:48 - printf.js - DEBUG - Connected to PostgreSQL database successfully.
2025-06-24 15:13:48 - printf.js - DEBUG - Connected to PostgreSQL database successfully.
2025-06-24 15:13:48 - printf.js - DEBUG - Connected to PostgreSQL database successfully.
2025-06-24 15:13:48 - printf.js - DEBUG - Connected to PostgreSQL database successfully.
2025-06-24 15:13:48 - printf.js - DEBUG - Connected to PostgreSQL database successfully.
2025-06-24 15:13:48 - printf.js - INFO - userInfo, extra={
  "uid": "d3a62b6c-086b-4819-be53-7cd9a5c60f0b",
  "nickname": "遊客",
  "user_no": "guest",
  "sex": "1",
  "avatar": null,
  "user_type": "guest"
}
2025-06-24 15:13:48 - printf.js - INFO - expertSkillRows []
2025-06-24 15:13:48 - printf.js - INFO - bot.getIconList:, extra={
  "expertId": "17"
}
2025-06-24 15:27:54 - printf.js - INFO - db info: postgres@localhost:5430/chatAVA
2025-06-24 15:27:56 - printf.js - INFO - SSO_TYPE: 
2025-06-24 15:28:01 - printf.js - INFO - server is connection at http://localhost:8081
2025-06-24 15:28:01 - printf.js - ERROR - Redis 客戶端錯誤:
2025-06-24 15:28:01 - printf.js - ERROR - Redis 客戶端錯誤:
2025-06-24 15:28:01 - printf.js - INFO - Redis 客戶端連接成功
2025-06-24 15:28:01 - printf.js - INFO - Redis 客戶端連接成功
2025-06-24 15:28:01 - printf.js - INFO - 所有 Redis 客戶端已連接
2025-06-24 15:28:35 - printf.js - DEBUG - Connected to PostgreSQL database successfully.
2025-06-24 15:28:41 - printf.js - INFO - userInfo, extra={
  "uid": "d3a62b6c-086b-4819-be53-7cd9a5c60f0b",
  "nickname": "遊客",
  "user_no": "guest",
  "sex": "1",
  "avatar": null,
  "user_type": "guest"
}
2025-06-24 15:28:49 - printf.js - DEBUG - Connected to PostgreSQL database successfully.
2025-06-24 15:28:49 - printf.js - INFO - expertSkillRows []
2025-06-24 15:28:50 - printf.js - INFO - expertSkillRows []
2025-06-24 15:28:50 - printf.js - DEBUG - Connected to PostgreSQL database successfully.
2025-06-24 15:28:50 - printf.js - DEBUG - Connected to PostgreSQL database successfully.
2025-06-24 15:28:50 - printf.js - INFO - bot.getIconList:, extra={
  "expertId": "23"
}
2025-06-24 15:28:50 - printf.js - DEBUG - Connected to PostgreSQL database successfully.
2025-06-24 15:28:50 - printf.js - INFO - bot.getIconList:, extra={
  "expertId": "17"
}
2025-06-24 15:29:09 - printf.js - DEBUG - Connected to PostgreSQL database successfully.
2025-06-24 15:29:10 - printf.js - DEBUG - Connected to PostgreSQL database successfully.
2025-06-24 15:29:10 - printf.js - INFO - userInfo, extra={
  "uid": "d3a62b6c-086b-4819-be53-7cd9a5c60f0b",
  "nickname": "遊客",
  "user_no": "guest",
  "sex": "1",
  "avatar": null,
  "user_type": "guest"
}
2025-06-24 15:29:12 - printf.js - DEBUG - Connected to PostgreSQL database successfully.
2025-06-24 15:29:12 - printf.js - INFO - expertSkillRows []
2025-06-24 15:29:12 - printf.js - INFO - bot.getIconList:, extra={
  "expertId": "23"
}
2025-06-24 15:29:12 - printf.js - INFO - expertSkillRows []
2025-06-24 15:29:12 - printf.js - DEBUG - Connected to PostgreSQL database successfully.
2025-06-24 15:29:12 - printf.js - INFO - bot.getIconList:, extra={
  "expertId": "17"
}
2025-06-24 15:29:34 - printf.js - DEBUG - Connected to PostgreSQL database successfully.
2025-06-24 15:29:34 - printf.js - INFO - userInfo, extra={
  "uid": "d3a62b6c-086b-4819-be53-7cd9a5c60f0b",
  "nickname": "遊客",
  "user_no": "guest",
  "sex": "1",
  "avatar": null,
  "user_type": "guest"
}
2025-06-24 15:29:36 - printf.js - DEBUG - Connected to PostgreSQL database successfully.
2025-06-24 15:29:36 - printf.js - INFO - expertSkillRows []
2025-06-24 15:29:37 - printf.js - INFO - bot.getIconList:, extra={
  "expertId": "23"
}
2025-06-24 15:29:37 - printf.js - DEBUG - Connected to PostgreSQL database successfully.
2025-06-24 15:29:37 - printf.js - INFO - userInfo, extra={
  "uid": "d3a62b6c-086b-4819-be53-7cd9a5c60f0b",
  "nickname": "遊客",
  "user_no": "guest",
  "sex": "1",
  "avatar": null,
  "user_type": "guest"
}
2025-06-24 15:30:06 - printf.js - DEBUG - Connected to PostgreSQL database successfully.
2025-06-24 15:30:06 - printf.js - INFO - userInfo, extra={
  "uid": "d3a62b6c-086b-4819-be53-7cd9a5c60f0b",
  "nickname": "遊客",
  "user_no": "guest",
  "sex": "1",
  "avatar": null,
  "user_type": "guest"
}
2025-06-24 15:30:08 - printf.js - DEBUG - Connected to PostgreSQL database successfully.
2025-06-24 15:30:08 - printf.js - DEBUG - Connected to PostgreSQL database successfully.
2025-06-24 15:30:08 - printf.js - INFO - expertSkillRows []
2025-06-24 15:30:09 - printf.js - INFO - bot.getIconList:, extra={
  "expertId": "23"
}
2025-06-24 15:30:09 - printf.js - DEBUG - Connected to PostgreSQL database successfully.
2025-06-24 15:30:09 - printf.js - DEBUG - Connected to PostgreSQL database successfully.
2025-06-24 15:30:09 - printf.js - INFO - userInfo, extra={
  "uid": "d3a62b6c-086b-4819-be53-7cd9a5c60f0b",
  "nickname": "遊客",
  "user_no": "guest",
  "sex": "1",
  "avatar": null,
  "user_type": "guest"
}
2025-06-24 15:32:28 - printf.js - DEBUG - Connected to PostgreSQL database successfully.
2025-06-24 15:32:28 - printf.js - INFO - userInfo, extra={
  "uid": "d3a62b6c-086b-4819-be53-7cd9a5c60f0b",
  "nickname": "遊客",
  "user_no": "guest",
  "sex": "1",
  "avatar": null,
  "user_type": "guest"
}
2025-06-24 15:32:31 - printf.js - DEBUG - Connected to PostgreSQL database successfully.
2025-06-24 15:32:31 - printf.js - INFO - expertSkillRows []
2025-06-24 15:32:31 - printf.js - INFO - userInfo, extra={
  "uid": "d3a62b6c-086b-4819-be53-7cd9a5c60f0b",
  "nickname": "遊客",
  "user_no": "guest",
  "sex": "1",
  "avatar": null,
  "user_type": "guest"
}
2025-06-24 15:32:31 - printf.js - INFO - bot.getIconList:, extra={
  "expertId": "23"
}
2025-06-24 15:32:31 - printf.js - DEBUG - Connected to PostgreSQL database successfully.
2025-06-24 15:34:48 - printf.js - DEBUG - Connected to PostgreSQL database successfully.
2025-06-24 15:34:48 - printf.js - DEBUG - Connected to PostgreSQL database successfully.
2025-06-24 15:34:48 - printf.js - DEBUG - Connected to PostgreSQL database successfully.
2025-06-24 15:34:48 - printf.js - DEBUG - Connected to PostgreSQL database successfully.
2025-06-24 15:34:48 - printf.js - DEBUG - Connected to PostgreSQL database successfully.
2025-06-24 15:34:48 - printf.js - DEBUG - Connected to PostgreSQL database successfully.
2025-06-24 15:34:48 - printf.js - INFO - userInfo, extra={
  "uid": "d3a62b6c-086b-4819-be53-7cd9a5c60f0b",
  "nickname": "遊客",
  "user_no": "guest",
  "sex": "1",
  "avatar": null,
  "user_type": "guest"
}
2025-06-24 15:34:48 - printf.js - INFO - expertSkillRows []
2025-06-24 15:34:48 - printf.js - INFO - bot.getIconList:, extra={
  "expertId": "17"
}
2025-06-24 15:34:51 - printf.js - INFO - userInfo, extra={
  "uid": "d3a62b6c-086b-4819-be53-7cd9a5c60f0b",
  "nickname": "遊客",
  "user_no": "guest",
  "sex": "1",
  "avatar": null,
  "user_type": "guest"
}
2025-06-24 15:34:51 - printf.js - INFO - bot.getIconList:, extra={
  "expertId": "23"
}
2025-06-24 15:34:51 - printf.js - INFO - expertSkillRows []
2025-06-24 15:34:55 - printf.js - INFO - 你好 23
2025-06-24 15:34:55 - printf.js - ERROR - Redis 中未找到限流規則
2025-06-24 15:34:55 - printf.js - INFO - ip ::ffff:127.0.0.1
2025-06-24 15:34:55 - printf.js - INFO - expert_id 23
2025-06-24 15:34:55 - printf.js - INFO - message {"data":"你好","type":"text"}
2025-06-24 15:34:55 - printf.js - INFO - req.headers.cookie ava-guest=%7B%22uid%22%3A%22d3a62b6c-086b-4819-be53-7cd9a5c60f0b%22%2C%22nickname%22%3A%22%E9%81%8A%E5%AE%A2%22%2C%22user_no%22%3A%22guest%22%2C%22sex%22%3A%221%22%2C%22avatar%22%3Anull%2C%22user_type%22%3A%22guest%22%7D; s_id=s%3AdnR9qvjLixcOioqw1otYs4aViVy6-kKh.Q9E4Xje748cjfEV6Ilh9O%2F4tMiXh3Jaup4MhO9yobRI
2025-06-24 15:34:55 - printf.js - INFO - req.sessionID dnR9qvjLixcOioqw1otYs4aViVy6-kKh
2025-06-24 15:34:55 - printf.js - ERROR - (node:41880) [DEP0044] DeprecationWarning: The `util.isArray` API is deprecated. Please use `Array.isArray()` instead.
(Use `node --trace-deprecation ...` to show where the warning was created)
2025-06-24 15:35:20 - printf.js - INFO - Finished sending data
2025-06-24 15:35:21 - printf.js - DEBUG - Connected to PostgreSQL database successfully.
2025-06-24 15:35:40 - printf.js - DEBUG - Connected to PostgreSQL database successfully.
2025-06-24 15:35:40 - printf.js - INFO - userInfo, extra={
  "uid": "d3a62b6c-086b-4819-be53-7cd9a5c60f0b",
  "nickname": "遊客",
  "user_no": "guest",
  "sex": "1",
  "avatar": null,
  "user_type": "guest"
}
2025-06-24 15:35:42 - printf.js - INFO - expertSkillRows []
2025-06-24 15:35:43 - printf.js - DEBUG - Connected to PostgreSQL database successfully.
2025-06-24 15:35:43 - printf.js - DEBUG - Connected to PostgreSQL database successfully.
2025-06-24 15:35:43 - printf.js - DEBUG - Connected to PostgreSQL database successfully.
2025-06-24 15:35:43 - printf.js - INFO - bot.getIconList:, extra={
  "expertId": "23"
}
2025-06-24 15:35:43 - printf.js - DEBUG - Connected to PostgreSQL database successfully.
2025-06-24 15:35:43 - printf.js - INFO - userInfo, extra={
  "uid": "d3a62b6c-086b-4819-be53-7cd9a5c60f0b",
  "nickname": "遊客",
  "user_no": "guest",
  "sex": "1",
  "avatar": null,
  "user_type": "guest"
}
2025-06-24 15:36:58 - printf.js - DEBUG - Connected to PostgreSQL database successfully.
2025-06-24 15:36:59 - printf.js - INFO - here, extra={
  "uid": "9e253910-67a8-4556-9957-8668a3e72b48",
  "nickname": "遊客",
  "user_no": "guest",
  "sex": "1",
  "avatar": null,
  "user_type": "guest"
}
2025-06-24 15:36:59 - printf.js - DEBUG - Connected to PostgreSQL database successfully.
2025-06-24 15:36:59 - printf.js - INFO - userInfo, extra={
  "uid": "9e253910-67a8-4556-9957-8668a3e72b48",
  "nickname": "遊客",
  "user_no": "guest",
  "sex": "1",
  "avatar": null,
  "user_type": "guest"
}
2025-06-24 15:37:00 - printf.js - INFO - 專家excel專家尚無聊天室，開始建立聊天室...
2025-06-24 15:37:00 - printf.js - INFO - 專家中鋼專家尚無聊天室，開始建立聊天室...
2025-06-24 15:37:00 - printf.js - INFO - 專家t1尚無聊天室，開始建立聊天室...
2025-06-24 15:37:01 - printf.js - INFO - 專家excel專家聊天室建立完成 !
2025-06-24 15:37:01 - printf.js - DEBUG - Connected to PostgreSQL database successfully.
2025-06-24 15:37:01 - printf.js - INFO - 專家中鋼專家聊天室建立完成 !
2025-06-24 15:37:01 - printf.js - INFO - 專家t1聊天室建立完成 !
2025-06-24 15:37:01 - printf.js - INFO - expertSkillRows []
2025-06-24 15:37:01 - printf.js - INFO - userInfo, extra={
  "uid": "9e253910-67a8-4556-9957-8668a3e72b48",
  "nickname": "遊客",
  "user_no": "guest",
  "sex": "1",
  "avatar": null,
  "user_type": "guest"
}
2025-06-24 15:37:01 - printf.js - INFO - bot.getIconList:, extra={
  "expertId": "23"
}
2025-06-24 15:50:46 - printf.js - INFO - initial reids: function v4(options, buf, offset) {
  if (_native.default.randomUUID && !buf && !options) {
    return _native.default.randomUUID();
  }

  options = options || {};

  const rnds = options.random || (options.rng || _rng.default)(); // Per 4.4, set bits for version and `clock_seq_hi_and_reserved`


  rnds[6] = rnds[6] & 0x0f | 0x40;
  rnds[8] = rnds[8] & 0x3f | 0x80; // Copy bytes to buffer, if provided

  if (buf) {
    offset = offset || 0;

    for (let i = 0; i < 16; ++i) {
      buf[offset + i] = rnds[i];
    }

    return buf;
  }

  return (0, _stringify.unsafeStringify)(rnds);
}
2025-06-24 15:50:46 - printf.js - DEBUG - Connected to PostgreSQL database successfully.
2025-06-24 15:50:47 - printf.js - INFO - here, extra={
  "uid": "d9cd0cf0-8be8-4ed6-b894-3d6eee6d42a6",
  "nickname": "遊客",
  "user_no": "guest",
  "sex": "1",
  "avatar": null,
  "user_type": "guest"
}
2025-06-24 15:50:47 - printf.js - DEBUG - Connected to PostgreSQL database successfully.
2025-06-24 15:50:47 - printf.js - INFO - userInfo, extra={
  "uid": "d9cd0cf0-8be8-4ed6-b894-3d6eee6d42a6",
  "nickname": "遊客",
  "user_no": "guest",
  "sex": "1",
  "avatar": null,
  "user_type": "guest"
}
2025-06-24 15:50:47 - printf.js - DEBUG - Connected to PostgreSQL database successfully.
2025-06-24 15:50:47 - printf.js - INFO - 專家excel專家尚無聊天室，開始建立聊天室...
2025-06-24 15:50:47 - printf.js - INFO - 專家中鋼專家尚無聊天室，開始建立聊天室...
2025-06-24 15:50:47 - printf.js - INFO - 專家t1尚無聊天室，開始建立聊天室...
2025-06-24 15:50:48 - printf.js - INFO - 專家t1聊天室建立完成 !
2025-06-24 15:50:48 - printf.js - INFO - 專家excel專家聊天室建立完成 !
2025-06-24 15:50:48 - printf.js - INFO - 專家中鋼專家聊天室建立完成 !
2025-06-24 15:50:48 - printf.js - INFO - expertSkillRows []
2025-06-24 15:50:48 - printf.js - INFO - userInfo, extra={
  "uid": "d9cd0cf0-8be8-4ed6-b894-3d6eee6d42a6",
  "nickname": "遊客",
  "user_no": "guest",
  "sex": "1",
  "avatar": null,
  "user_type": "guest"
}
2025-06-24 15:50:48 - printf.js - INFO - bot.getIconList:, extra={
  "expertId": "23"
}
2025-06-24 15:51:10 - printf.js - DEBUG - Connected to PostgreSQL database successfully.
2025-06-24 15:57:23 - printf.js - INFO - db info: postgres@localhost:5430/chatAVA
2025-06-24 15:57:25 - printf.js - INFO - SSO_TYPE: 
2025-06-24 15:57:30 - printf.js - INFO - server is connection at http://localhost:8081
2025-06-24 15:57:30 - printf.js - ERROR - Redis 客戶端錯誤:
2025-06-24 15:57:30 - printf.js - ERROR - Redis 客戶端錯誤:
2025-06-24 15:57:30 - printf.js - INFO - Redis 客戶端連接成功
2025-06-24 15:57:30 - printf.js - INFO - Redis 客戶端連接成功
2025-06-24 15:57:30 - printf.js - INFO - 所有 Redis 客戶端已連接
2025-06-24 16:09:09 - printf.js - INFO - db info: postgres@localhost:5430/chatAVA
2025-06-24 16:09:11 - printf.js - INFO - SSO_TYPE: 
2025-06-24 16:09:17 - printf.js - INFO - server is connection at http://localhost:8081
2025-06-24 16:09:17 - printf.js - ERROR - Redis 客戶端錯誤:
2025-06-24 16:09:17 - printf.js - ERROR - Redis 客戶端錯誤:
2025-06-24 16:09:17 - printf.js - INFO - Redis 客戶端連接成功
2025-06-24 16:09:17 - printf.js - INFO - Redis 客戶端連接成功
2025-06-24 16:09:17 - printf.js - INFO - 所有 Redis 客戶端已連接
2025-06-24 16:11:40 - printf.js - DEBUG - Connected to PostgreSQL database successfully.
2025-06-24 16:11:45 - printf.js - DEBUG - Connected to PostgreSQL database successfully.
2025-06-24 16:11:45 - printf.js - INFO - userInfo, extra={
  "uid": "d9cd0cf0-8be8-4ed6-b894-3d6eee6d42a6",
  "nickname": "遊客",
  "user_no": "guest",
  "sex": "1",
  "avatar": null,
  "user_type": "guest"
}
2025-06-24 16:11:51 - printf.js - INFO - expertSkillRows []
2025-06-24 16:11:51 - printf.js - INFO - bot.getIconList:, extra={
  "expertId": "23"
}
2025-06-24 16:11:51 - printf.js - DEBUG - Connected to PostgreSQL database successfully.
2025-06-24 16:11:51 - printf.js - DEBUG - Connected to PostgreSQL database successfully.
2025-06-24 16:11:51 - printf.js - INFO - userInfo, extra={
  "uid": "d9cd0cf0-8be8-4ed6-b894-3d6eee6d42a6",
  "nickname": "遊客",
  "user_no": "guest",
  "sex": "1",
  "avatar": null,
  "user_type": "guest"
}
2025-06-24 16:16:23 - printf.js - INFO - db info: postgres@localhost:5430/chatAVA
2025-06-24 16:16:26 - printf.js - INFO - SSO_TYPE: 
2025-06-24 16:16:31 - printf.js - INFO - server is connection at http://localhost:8081
2025-06-24 16:16:31 - printf.js - ERROR - Redis 客戶端錯誤:
2025-06-24 16:16:31 - printf.js - ERROR - Redis 客戶端錯誤:
2025-06-24 16:16:31 - printf.js - INFO - Redis 客戶端連接成功
2025-06-24 16:16:31 - printf.js - INFO - Redis 客戶端連接成功
2025-06-24 16:16:31 - printf.js - INFO - 所有 Redis 客戶端已連接
2025-06-24 16:16:36 - printf.js - DEBUG - Connected to PostgreSQL database successfully.
2025-06-24 16:18:14 - printf.js - DEBUG - Connected to PostgreSQL database successfully.
2025-06-24 16:18:15 - printf.js - DEBUG - Connected to PostgreSQL database successfully.
2025-06-24 16:18:15 - printf.js - INFO - userInfo, extra={
  "uid": "d9cd0cf0-8be8-4ed6-b894-3d6eee6d42a6",
  "nickname": "遊客",
  "user_no": "guest",
  "sex": "1",
  "avatar": null,
  "user_type": "guest"
}
2025-06-24 16:18:16 - printf.js - DEBUG - Connected to PostgreSQL database successfully.
2025-06-24 16:18:16 - printf.js - DEBUG - Connected to PostgreSQL database successfully.
2025-06-24 16:18:16 - printf.js - INFO - expertSkillRows []
2025-06-24 16:18:16 - printf.js - INFO - bot.getIconList:, extra={
  "expertId": "23"
}
2025-06-24 16:18:17 - printf.js - INFO - bot.getIconList:, extra={
  "expertId": "23"
}
2025-06-24 16:19:49 - printf.js - DEBUG - Connected to PostgreSQL database successfully.
2025-06-24 16:19:49 - printf.js - DEBUG - Connected to PostgreSQL database successfully.
2025-06-24 16:19:49 - printf.js - INFO - userInfo, extra={
  "uid": "d9cd0cf0-8be8-4ed6-b894-3d6eee6d42a6",
  "nickname": "遊客",
  "user_no": "guest",
  "sex": "1",
  "avatar": null,
  "user_type": "guest"
}
2025-06-24 16:19:51 - printf.js - INFO - expertSkillRows []
2025-06-24 16:19:51 - printf.js - DEBUG - Connected to PostgreSQL database successfully.
2025-06-24 16:19:51 - printf.js - DEBUG - Connected to PostgreSQL database successfully.
2025-06-24 16:19:51 - printf.js - DEBUG - Connected to PostgreSQL database successfully.
2025-06-24 16:19:51 - printf.js - DEBUG - Connected to PostgreSQL database successfully.
2025-06-24 16:19:51 - printf.js - INFO - bot.getIconList:, extra={
  "expertId": "23"
}
2025-06-24 16:19:51 - printf.js - INFO - bot.getIconList:, extra={
  "expertId": "23"
}
2025-06-24 16:20:08 - printf.js - DEBUG - Connected to PostgreSQL database successfully.
2025-06-24 16:20:08 - printf.js - ERROR - {}
2025-06-24 16:22:24 - printf.js - INFO - db info: postgres@localhost:5430/chatAVA
2025-06-24 16:22:26 - printf.js - INFO - SSO_TYPE: 
2025-06-24 16:22:30 - printf.js - INFO - server is connection at http://localhost:8081
2025-06-24 16:22:30 - printf.js - ERROR - Redis 客戶端錯誤:
2025-06-24 16:22:30 - printf.js - ERROR - Redis 客戶端錯誤:
2025-06-24 16:22:30 - printf.js - INFO - Redis 客戶端連接成功
2025-06-24 16:22:30 - printf.js - INFO - Redis 客戶端連接成功
2025-06-24 16:22:30 - printf.js - INFO - 所有 Redis 客戶端已連接
2025-06-24 16:24:00 - printf.js - DEBUG - Connected to PostgreSQL database successfully.
2025-06-24 16:24:01 - printf.js - INFO - 遊客資料已插入資料庫 - UUID: aff1e83c-25ed-4e8d-976c-f73d14e78ebb
2025-06-24 16:24:01 - printf.js - INFO - here, extra={
  "uid": "aff1e83c-25ed-4e8d-976c-f73d14e78ebb",
  "nickname": "遊客",
  "user_no": "guest",
  "sex": "1",
  "avatar": null,
  "user_type": "guest",
  "ip": "127.0.0.1"
}
2025-06-24 16:24:04 - printf.js - DEBUG - Connected to PostgreSQL database successfully.
2025-06-24 16:24:04 - printf.js - INFO - userInfo, extra={
  "uid": "aff1e83c-25ed-4e8d-976c-f73d14e78ebb",
  "nickname": "遊客",
  "user_no": "guest",
  "sex": "1",
  "avatar": null,
  "user_type": "guest",
  "ip": "127.0.0.1"
}
2025-06-24 16:24:08 - printf.js - INFO - 專家excel專家尚無聊天室，開始建立聊天室...
2025-06-24 16:24:08 - printf.js - INFO - 專家中鋼專家尚無聊天室，開始建立聊天室...
2025-06-24 16:24:08 - printf.js - INFO - 專家t1尚無聊天室，開始建立聊天室...
2025-06-24 16:24:08 - printf.js - DEBUG - Connected to PostgreSQL database successfully.
2025-06-24 16:24:08 - printf.js - INFO - 專家excel專家聊天室建立完成 !
2025-06-24 16:24:08 - printf.js - INFO - 專家t1聊天室建立完成 !
2025-06-24 16:24:08 - printf.js - INFO - 專家中鋼專家聊天室建立完成 !
2025-06-24 16:24:09 - printf.js - INFO - expertSkillRows []
2025-06-24 16:24:09 - printf.js - INFO - bot.getIconList:, extra={
  "expertId": "23"
}
2025-06-24 16:24:09 - printf.js - DEBUG - Connected to PostgreSQL database successfully.
2025-06-24 16:24:09 - printf.js - DEBUG - Connected to PostgreSQL database successfully.
2025-06-24 16:24:09 - printf.js - INFO - userInfo, extra={
  "uid": "aff1e83c-25ed-4e8d-976c-f73d14e78ebb",
  "nickname": "遊客",
  "user_no": "guest",
  "sex": "1",
  "avatar": null,
  "user_type": "guest",
  "ip": "127.0.0.1"
}
2025-06-24 16:24:37 - printf.js - DEBUG - Connected to PostgreSQL database successfully.
2025-06-24 16:25:01 - printf.js - DEBUG - Connected to PostgreSQL database successfully.
2025-06-24 16:25:01 - printf.js - INFO - req.query.ticket:  ST-1-BAC331D61B8D4A148D1540083B12C27B-sso
2025-06-24 16:25:01 - printf.js - ERROR - (node:64248) [DEP0044] DeprecationWarning: The `util.isArray` API is deprecated. Please use `Array.isArray()` instead.
(Use `node --trace-deprecation ...` to show where the warning was created)
2025-06-24 16:25:02 - printf.js - INFO - lastUserInfo ------- debug demoava 用, extra={
  "uid": "aff1e83c-25ed-4e8d-976c-f73d14e78ebb",
  "nickname": "遊客",
  "user_no": "guest",
  "sex": "1",
  "avatar": null,
  "user_type": "guest",
  "ip": "127.0.0.1"
}
2025-06-24 16:25:02 - printf.js - INFO - 無遊客，建立users 與 user_login_type
2025-06-24 16:25:02 - printf.js - INFO - userID, loginTypeID, name, ipAddress dd3c4316-3db5-4129-87d3-879b1c784b23 1 林一依 127.0.0.1
2025-06-24 16:25:03 - printf.js - DEBUG - Connected to PostgreSQL database successfully.
2025-06-24 16:25:03 - printf.js - INFO - userInfo, extra={
  "id": "dd3c4316-3db5-4129-87d3-879b1c784b23",
  "name": "林一依",
  "avatar": null,
  "sex": "0",
  "user_type": "member",
  "login_type": "icsc_sso",
  "is_enable": "undefined",
  "login_info": {
    "icsc_sso": "{\"idType\":\"E\",\"birthday\":\"19900101\",\"sex\":\"0\",\"compNo\":\"icsc\",\"userNo\":\"IX0011\",\"postNo\":\"31\",\"eMail\":\"i28747@icsc.com.tw\",\"cName\":\"林一依\",\"depNo\":\"X22\",\"subCompNo\":\"\",\"city\":\"\",\"eName\":\"\"}"
  },
  "auth_id": {
    "icsc_sso": "IX0011"
  },
  "uid": "dd3c4316-3db5-4129-87d3-879b1c784b23",
  "nickname": "林一依",
  "user_no": "IX0011"
}
2025-06-24 16:25:03 - printf.js - DEBUG - Connected to PostgreSQL database successfully.
2025-06-24 16:25:03 - printf.js - INFO - 專家excel專家尚無聊天室，開始建立聊天室...
2025-06-24 16:25:03 - printf.js - INFO - 專家中鋼專家尚無聊天室，開始建立聊天室...
2025-06-24 16:25:03 - printf.js - INFO - 專家t1尚無聊天室，開始建立聊天室...
2025-06-24 16:25:03 - printf.js - INFO - 專家t1聊天室建立完成 !
2025-06-24 16:25:04 - printf.js - INFO - 專家excel專家聊天室建立完成 !
2025-06-24 16:25:04 - printf.js - INFO - 專家中鋼專家聊天室建立完成 !
2025-06-24 16:25:04 - printf.js - INFO - expertSkillRows []
2025-06-24 16:25:04 - printf.js - INFO - bot.getIconList:, extra={
  "expertId": "23"
}
2025-06-24 16:25:04 - printf.js - INFO - userInfo, extra={
  "id": "dd3c4316-3db5-4129-87d3-879b1c784b23",
  "name": "林一依",
  "avatar": null,
  "sex": "0",
  "user_type": "member",
  "login_type": "icsc_sso",
  "is_enable": "undefined",
  "login_info": {
    "icsc_sso": "{\"idType\":\"E\",\"birthday\":\"19900101\",\"sex\":\"0\",\"compNo\":\"icsc\",\"userNo\":\"IX0011\",\"postNo\":\"31\",\"eMail\":\"i28747@icsc.com.tw\",\"cName\":\"林一依\",\"depNo\":\"X22\",\"subCompNo\":\"\",\"city\":\"\",\"eName\":\"\"}"
  },
  "auth_id": {
    "icsc_sso": "IX0011"
  },
  "uid": "dd3c4316-3db5-4129-87d3-879b1c784b23",
  "nickname": "林一依",
  "user_no": "IX0011"
}
