2025-06-23 08:31:50 - printf.js - INFO - db info: postgres@localhost:5430/chatAVA
2025-06-23 08:31:53 - printf.js - INFO - SSO_TYPE: 
2025-06-23 08:31:57 - printf.js - INFO - server is connection at http://localhost:8081
2025-06-23 08:31:57 - printf.js - ERROR - Redis 客戶端錯誤:
2025-06-23 08:31:57 - printf.js - ERROR - Redis 客戶端錯誤:
2025-06-23 08:31:57 - printf.js - ERROR - Redis 客戶端錯誤:, extra={
  "code": "ECONNREFUSED"
}
2025-06-23 08:31:57 - printf.js - ERROR - Redis 客戶端錯誤:, extra={
  "code": "ECONNREFUSED"
}
2025-06-23 08:31:57 - printf.js - INFO - Deleted old log file: .gitkeep
2025-06-23 08:31:57 - printf.js - ERROR - Redis 客戶端錯誤:, extra={
  "code": "ECONNREFUSED"
}
2025-06-23 08:31:57 - printf.js - ERROR - Redis 客戶端錯誤:, extra={
  "code": "ECONNREFUSED"
}
2025-06-23 08:31:58 - printf.js - ERROR - Redis 客戶端錯誤:, extra={
  "code": "ECONNREFUSED"
}
2025-06-23 08:31:58 - printf.js - ERROR - Redis 客戶端錯誤:, extra={
  "code": "ECONNREFUSED"
}
2025-06-23 08:31:58 - printf.js - ERROR - Redis 客戶端錯誤:, extra={
  "code": "ECONNREFUSED"
}
2025-06-23 08:31:58 - printf.js - ERROR - Redis 客戶端錯誤:, extra={
  "code": "ECONNREFUSED"
}
2025-06-23 08:31:58 - printf.js - ERROR - Redis 客戶端錯誤:, extra={
  "code": "ECONNREFUSED"
}
2025-06-23 08:31:58 - printf.js - ERROR - Redis 客戶端錯誤:, extra={
  "code": "ECONNREFUSED"
}
2025-06-23 08:31:58 - printf.js - ERROR - Redis 客戶端錯誤:, extra={
  "code": "ECONNREFUSED"
}
2025-06-23 08:31:58 - printf.js - ERROR - Redis 客戶端錯誤:, extra={
  "code": "ECONNREFUSED"
}
2025-06-23 08:31:59 - printf.js - ERROR - Redis 客戶端錯誤:, extra={
  "code": "ECONNREFUSED"
}
2025-06-23 08:31:59 - printf.js - ERROR - Redis 客戶端錯誤:, extra={
  "code": "ECONNREFUSED"
}
2025-06-23 08:31:59 - printf.js - ERROR - Redis 客戶端錯誤:, extra={
  "code": "ECONNREFUSED"
}
2025-06-23 08:31:59 - printf.js - ERROR - Redis 客戶端錯誤:, extra={
  "code": "ECONNREFUSED"
}
2025-06-23 08:31:59 - printf.js - ERROR - Redis 客戶端錯誤:, extra={
  "code": "ECONNREFUSED"
}
2025-06-23 08:31:59 - printf.js - ERROR - Redis 客戶端錯誤:, extra={
  "code": "ECONNREFUSED"
}
2025-06-23 08:32:00 - printf.js - ERROR - Redis 客戶端錯誤:, extra={
  "code": "ECONNREFUSED"
}
2025-06-23 08:32:00 - printf.js - ERROR - Redis 客戶端錯誤:, extra={
  "code": "ECONNREFUSED"
}
2025-06-23 08:32:00 - printf.js - ERROR - Redis 客戶端錯誤:, extra={
  "code": "ECONNREFUSED"
}
2025-06-23 08:32:00 - printf.js - ERROR - Redis 客戶端錯誤:, extra={
  "code": "ECONNREFUSED"
}
2025-06-23 08:32:01 - printf.js - ERROR - Redis 客戶端錯誤:, extra={
  "code": "ECONNREFUSED"
}
2025-06-23 08:32:01 - printf.js - ERROR - Redis 客戶端錯誤:, extra={
  "code": "ECONNREFUSED"
}
2025-06-23 08:32:01 - printf.js - ERROR - Redis 客戶端錯誤:, extra={
  "code": "ECONNREFUSED"
}
2025-06-23 08:32:01 - printf.js - ERROR - Redis 客戶端錯誤:, extra={
  "code": "ECONNREFUSED"
}
2025-06-23 08:32:02 - printf.js - ERROR - Redis 客戶端錯誤:, extra={
  "code": "ECONNREFUSED"
}
2025-06-23 08:32:02 - printf.js - ERROR - Redis 客戶端錯誤:, extra={
  "code": "ECONNREFUSED"
}
2025-06-23 08:32:02 - printf.js - ERROR - Redis 客戶端錯誤:, extra={
  "code": "ECONNREFUSED"
}
2025-06-23 08:32:02 - printf.js - ERROR - Redis 客戶端錯誤:, extra={
  "code": "ECONNREFUSED"
}
2025-06-23 08:32:03 - printf.js - ERROR - Redis 客戶端錯誤:, extra={
  "code": "ECONNREFUSED"
}
2025-06-23 08:32:03 - printf.js - ERROR - Redis 客戶端錯誤:, extra={
  "code": "ECONNREFUSED"
}
2025-06-23 08:32:03 - printf.js - ERROR - Redis 客戶端錯誤:, extra={
  "code": "ECONNREFUSED"
}
2025-06-23 08:32:03 - printf.js - ERROR - Redis 客戶端錯誤:, extra={
  "code": "ECONNREFUSED"
}
2025-06-23 08:32:04 - printf.js - ERROR - Redis 客戶端錯誤:, extra={
  "code": "ECONNREFUSED"
}
2025-06-23 08:32:04 - printf.js - ERROR - Redis 客戶端錯誤:, extra={
  "code": "ECONNREFUSED"
}
2025-06-23 08:32:04 - printf.js - ERROR - Redis 客戶端錯誤:, extra={
  "code": "ECONNREFUSED"
}
2025-06-23 08:32:04 - printf.js - ERROR - Redis 客戶端錯誤:, extra={
  "code": "ECONNREFUSED"
}
2025-06-23 08:32:05 - printf.js - ERROR - Redis 客戶端錯誤:, extra={
  "code": "ECONNREFUSED"
}
2025-06-23 08:32:05 - printf.js - ERROR - Redis 客戶端錯誤:, extra={
  "code": "ECONNREFUSED"
}
2025-06-23 08:32:05 - printf.js - ERROR - Redis 客戶端錯誤:, extra={
  "code": "ECONNREFUSED"
}
2025-06-23 08:32:05 - printf.js - ERROR - Redis 客戶端錯誤:, extra={
  "code": "ECONNREFUSED"
}
2025-06-23 08:32:06 - printf.js - ERROR - Redis 客戶端錯誤:, extra={
  "code": "ECONNREFUSED"
}
2025-06-23 08:32:06 - printf.js - ERROR - Redis 客戶端錯誤:, extra={
  "code": "ECONNREFUSED"
}
2025-06-23 08:32:06 - printf.js - ERROR - Redis 客戶端錯誤:, extra={
  "code": "ECONNREFUSED"
}
2025-06-23 08:32:06 - printf.js - ERROR - Redis 客戶端錯誤:, extra={
  "code": "ECONNREFUSED"
}
2025-06-23 08:32:07 - printf.js - ERROR - Redis 客戶端錯誤:, extra={
  "code": "ECONNREFUSED"
}
2025-06-23 08:32:07 - printf.js - ERROR - Redis 客戶端錯誤:, extra={
  "code": "ECONNREFUSED"
}
2025-06-23 08:32:08 - printf.js - ERROR - Redis 客戶端錯誤:, extra={
  "code": "ECONNREFUSED"
}
2025-06-23 08:32:08 - printf.js - ERROR - Redis 客戶端錯誤:, extra={
  "code": "ECONNREFUSED"
}
2025-06-23 08:32:08 - printf.js - ERROR - Redis 客戶端錯誤:, extra={
  "code": "ECONNREFUSED"
}
2025-06-23 08:32:08 - printf.js - ERROR - Redis 客戶端錯誤:, extra={
  "code": "ECONNREFUSED"
}
2025-06-23 08:32:09 - printf.js - ERROR - Redis 客戶端錯誤:, extra={
  "code": "ECONNREFUSED"
}
2025-06-23 08:32:09 - printf.js - ERROR - Redis 客戶端錯誤:, extra={
  "code": "ECONNREFUSED"
}
2025-06-23 08:32:09 - printf.js - ERROR - Redis 客戶端錯誤:, extra={
  "code": "ECONNREFUSED"
}
2025-06-23 08:32:09 - printf.js - ERROR - Redis 客戶端錯誤:, extra={
  "code": "ECONNREFUSED"
}
2025-06-23 08:32:10 - printf.js - ERROR - Redis 客戶端錯誤:, extra={
  "code": "ECONNREFUSED"
}
2025-06-23 08:32:10 - printf.js - ERROR - Redis 客戶端錯誤:, extra={
  "code": "ECONNREFUSED"
}
2025-06-23 08:32:10 - printf.js - ERROR - Redis 客戶端錯誤:, extra={
  "code": "ECONNREFUSED"
}
2025-06-23 08:32:10 - printf.js - ERROR - Redis 客戶端錯誤:, extra={
  "code": "ECONNREFUSED"
}
2025-06-23 08:32:11 - printf.js - ERROR - Redis 客戶端錯誤:, extra={
  "code": "ECONNREFUSED"
}
2025-06-23 08:32:11 - printf.js - ERROR - Redis 客戶端錯誤:, extra={
  "code": "ECONNREFUSED"
}
2025-06-23 08:32:11 - printf.js - ERROR - Redis 客戶端錯誤:, extra={
  "code": "ECONNREFUSED"
}
2025-06-23 08:32:11 - printf.js - ERROR - Redis 客戶端錯誤:, extra={
  "code": "ECONNREFUSED"
}
2025-06-23 08:32:12 - printf.js - ERROR - Redis 客戶端錯誤:, extra={
  "code": "ECONNREFUSED"
}
2025-06-23 08:32:12 - printf.js - ERROR - Redis 客戶端錯誤:, extra={
  "code": "ECONNREFUSED"
}
2025-06-23 08:32:12 - printf.js - ERROR - Redis 客戶端錯誤:, extra={
  "code": "ECONNREFUSED"
}
2025-06-23 08:32:12 - printf.js - ERROR - Redis 客戶端錯誤:, extra={
  "code": "ECONNREFUSED"
}
2025-06-23 08:32:13 - printf.js - ERROR - Redis 客戶端錯誤:, extra={
  "code": "ECONNREFUSED"
}
2025-06-23 08:32:13 - printf.js - ERROR - Redis 客戶端錯誤:, extra={
  "code": "ECONNREFUSED"
}
2025-06-23 08:32:13 - printf.js - ERROR - Redis 客戶端錯誤:, extra={
  "code": "ECONNREFUSED"
}
2025-06-23 08:32:13 - printf.js - ERROR - Redis 客戶端錯誤:, extra={
  "code": "ECONNREFUSED"
}
2025-06-23 08:32:14 - printf.js - ERROR - Redis 客戶端錯誤:, extra={
  "code": "ECONNREFUSED"
}
2025-06-23 08:32:14 - printf.js - ERROR - Redis 客戶端錯誤:, extra={
  "code": "ECONNREFUSED"
}
2025-06-23 08:32:14 - printf.js - ERROR - Redis 客戶端錯誤:, extra={
  "code": "ECONNREFUSED"
}
2025-06-23 08:32:14 - printf.js - ERROR - Redis 客戶端錯誤:, extra={
  "code": "ECONNREFUSED"
}
2025-06-23 08:32:15 - printf.js - ERROR - Redis 客戶端錯誤:, extra={
  "code": "ECONNREFUSED"
}
2025-06-23 08:32:15 - printf.js - ERROR - Redis 客戶端錯誤:, extra={
  "code": "ECONNREFUSED"
}
2025-06-23 08:32:15 - printf.js - ERROR - Redis 客戶端錯誤:, extra={
  "code": "ECONNREFUSED"
}
2025-06-23 08:32:15 - printf.js - ERROR - Redis 客戶端錯誤:, extra={
  "code": "ECONNREFUSED"
}
2025-06-23 08:32:16 - printf.js - ERROR - Redis 客戶端錯誤:, extra={
  "code": "ECONNREFUSED"
}
2025-06-23 08:32:16 - printf.js - ERROR - Redis 客戶端錯誤:, extra={
  "code": "ECONNREFUSED"
}
2025-06-23 08:32:16 - printf.js - ERROR - Redis 客戶端錯誤:, extra={
  "code": "ECONNREFUSED"
}
2025-06-23 08:32:16 - printf.js - ERROR - Redis 客戶端錯誤:, extra={
  "code": "ECONNREFUSED"
}
2025-06-23 08:32:17 - printf.js - ERROR - Redis 客戶端錯誤:, extra={
  "code": "ECONNREFUSED"
}
2025-06-23 08:32:17 - printf.js - ERROR - Redis 客戶端錯誤:, extra={
  "code": "ECONNREFUSED"
}
2025-06-23 08:32:17 - printf.js - ERROR - Redis 客戶端錯誤:, extra={
  "code": "ECONNREFUSED"
}
2025-06-23 08:32:17 - printf.js - ERROR - Redis 客戶端錯誤:, extra={
  "code": "ECONNREFUSED"
}
2025-06-23 08:32:18 - printf.js - ERROR - Redis 客戶端錯誤:, extra={
  "code": "ECONNREFUSED"
}
2025-06-23 08:32:18 - printf.js - ERROR - Redis 客戶端錯誤:, extra={
  "code": "ECONNREFUSED"
}
2025-06-23 08:32:18 - printf.js - ERROR - Redis 客戶端錯誤:, extra={
  "code": "ECONNREFUSED"
}
2025-06-23 08:32:18 - printf.js - ERROR - Redis 客戶端錯誤:, extra={
  "code": "ECONNREFUSED"
}
2025-06-23 08:32:19 - printf.js - ERROR - Redis 客戶端錯誤:, extra={
  "code": "ECONNREFUSED"
}
2025-06-23 08:32:19 - printf.js - ERROR - Redis 客戶端錯誤:, extra={
  "code": "ECONNREFUSED"
}
2025-06-23 08:32:19 - printf.js - ERROR - Redis 客戶端錯誤:, extra={
  "code": "ECONNREFUSED"
}
2025-06-23 08:32:19 - printf.js - ERROR - Redis 客戶端錯誤:, extra={
  "code": "ECONNREFUSED"
}
2025-06-23 08:32:20 - printf.js - ERROR - Redis 客戶端錯誤:, extra={
  "code": "ECONNREFUSED"
}
2025-06-23 08:32:20 - printf.js - ERROR - Redis 客戶端錯誤:, extra={
  "code": "ECONNREFUSED"
}
2025-06-23 08:32:20 - printf.js - ERROR - Redis 客戶端錯誤:, extra={
  "code": "ECONNREFUSED"
}
2025-06-23 08:32:20 - printf.js - ERROR - Redis 客戶端錯誤:, extra={
  "code": "ECONNREFUSED"
}
2025-06-23 08:32:21 - printf.js - ERROR - Redis 客戶端錯誤:, extra={
  "code": "ECONNREFUSED"
}
2025-06-23 08:32:21 - printf.js - ERROR - Redis 客戶端錯誤:, extra={
  "code": "ECONNREFUSED"
}
2025-06-23 08:32:21 - printf.js - ERROR - Redis 客戶端錯誤:, extra={
  "code": "ECONNREFUSED"
}
2025-06-23 08:32:21 - printf.js - ERROR - Redis 客戶端錯誤:, extra={
  "code": "ECONNREFUSED"
}
2025-06-23 08:32:22 - printf.js - ERROR - Redis 客戶端錯誤:, extra={
  "code": "ECONNREFUSED"
}
2025-06-23 08:32:22 - printf.js - ERROR - Redis 客戶端錯誤:, extra={
  "code": "ECONNREFUSED"
}
2025-06-23 08:32:22 - printf.js - ERROR - Redis 客戶端錯誤:, extra={
  "code": "ECONNREFUSED"
}
2025-06-23 08:32:22 - printf.js - ERROR - Redis 客戶端錯誤:, extra={
  "code": "ECONNREFUSED"
}
2025-06-23 08:32:23 - printf.js - ERROR - Redis 客戶端錯誤:, extra={
  "code": "ECONNREFUSED"
}
2025-06-23 08:32:23 - printf.js - ERROR - Redis 客戶端錯誤:, extra={
  "code": "ECONNREFUSED"
}
2025-06-23 08:32:23 - printf.js - ERROR - Redis 客戶端錯誤:, extra={
  "code": "ECONNREFUSED"
}
2025-06-23 08:32:23 - printf.js - ERROR - Redis 客戶端錯誤:, extra={
  "code": "ECONNREFUSED"
}
2025-06-23 08:32:24 - printf.js - ERROR - Redis 客戶端錯誤:, extra={
  "code": "ECONNREFUSED"
}
2025-06-23 08:32:24 - printf.js - ERROR - Redis 客戶端錯誤:, extra={
  "code": "ECONNREFUSED"
}
2025-06-23 08:32:24 - printf.js - ERROR - Redis 客戶端錯誤:, extra={
  "code": "ECONNREFUSED"
}
2025-06-23 08:32:24 - printf.js - ERROR - Redis 客戶端錯誤:, extra={
  "code": "ECONNREFUSED"
}
2025-06-23 08:32:25 - printf.js - ERROR - Redis 客戶端錯誤:, extra={
  "code": "ECONNREFUSED"
}
2025-06-23 08:32:25 - printf.js - ERROR - Redis 客戶端錯誤:, extra={
  "code": "ECONNREFUSED"
}
2025-06-23 08:32:25 - printf.js - ERROR - Redis 客戶端錯誤:, extra={
  "code": "ECONNREFUSED"
}
2025-06-23 08:32:25 - printf.js - ERROR - Redis 客戶端錯誤:, extra={
  "code": "ECONNREFUSED"
}
2025-06-23 08:32:26 - printf.js - ERROR - Redis 客戶端錯誤:, extra={
  "code": "ECONNREFUSED"
}
2025-06-23 08:32:26 - printf.js - ERROR - Redis 客戶端錯誤:, extra={
  "code": "ECONNREFUSED"
}
2025-06-23 08:32:27 - printf.js - ERROR - Redis 客戶端錯誤:, extra={
  "code": "ECONNREFUSED"
}
2025-06-23 08:32:27 - printf.js - ERROR - Redis 客戶端錯誤:, extra={
  "code": "ECONNREFUSED"
}
2025-06-23 08:32:27 - printf.js - ERROR - Redis 客戶端錯誤:, extra={
  "code": "ECONNREFUSED"
}
2025-06-23 08:32:27 - printf.js - ERROR - Redis 客戶端錯誤:, extra={
  "code": "ECONNREFUSED"
}
2025-06-23 08:32:28 - printf.js - ERROR - Redis 客戶端錯誤:, extra={
  "code": "ECONNREFUSED"
}
2025-06-23 08:32:28 - printf.js - ERROR - Redis 客戶端錯誤:, extra={
  "code": "ECONNREFUSED"
}
2025-06-23 08:32:28 - printf.js - ERROR - Redis 客戶端錯誤:, extra={
  "code": "ECONNREFUSED"
}
2025-06-23 08:32:28 - printf.js - ERROR - Redis 客戶端錯誤:, extra={
  "code": "ECONNREFUSED"
}
2025-06-23 08:32:29 - printf.js - ERROR - Redis 客戶端錯誤:, extra={
  "code": "ECONNREFUSED"
}
2025-06-23 08:32:29 - printf.js - ERROR - Redis 客戶端錯誤:, extra={
  "code": "ECONNREFUSED"
}
2025-06-23 08:32:29 - printf.js - ERROR - Redis 客戶端錯誤:, extra={
  "code": "ECONNREFUSED"
}
2025-06-23 08:32:29 - printf.js - ERROR - Redis 客戶端錯誤:, extra={
  "code": "ECONNREFUSED"
}
2025-06-23 08:32:30 - printf.js - ERROR - Redis 客戶端錯誤:, extra={
  "code": "ECONNREFUSED"
}
2025-06-23 08:32:30 - printf.js - ERROR - Redis 客戶端錯誤:, extra={
  "code": "ECONNREFUSED"
}
2025-06-23 08:32:30 - printf.js - ERROR - Redis 客戶端錯誤:, extra={
  "code": "ECONNREFUSED"
}
2025-06-23 08:32:30 - printf.js - ERROR - Redis 客戶端錯誤:, extra={
  "code": "ECONNREFUSED"
}
2025-06-23 08:32:31 - printf.js - ERROR - Redis 客戶端錯誤:, extra={
  "code": "ECONNREFUSED"
}
2025-06-23 08:32:31 - printf.js - ERROR - Redis 客戶端錯誤:, extra={
  "code": "ECONNREFUSED"
}
2025-06-23 08:32:31 - printf.js - ERROR - Redis 客戶端錯誤:, extra={
  "code": "ECONNREFUSED"
}
2025-06-23 08:32:31 - printf.js - ERROR - Redis 客戶端錯誤:, extra={
  "code": "ECONNREFUSED"
}
2025-06-23 08:32:32 - printf.js - ERROR - Redis 客戶端錯誤:, extra={
  "code": "ECONNREFUSED"
}
2025-06-23 08:32:32 - printf.js - ERROR - Redis 客戶端錯誤:, extra={
  "code": "ECONNREFUSED"
}
2025-06-23 08:32:32 - printf.js - ERROR - Redis 客戶端錯誤:, extra={
  "code": "ECONNREFUSED"
}
2025-06-23 08:32:32 - printf.js - ERROR - Redis 客戶端錯誤:, extra={
  "code": "ECONNREFUSED"
}
2025-06-23 08:32:33 - printf.js - ERROR - Redis 客戶端錯誤:, extra={
  "code": "ECONNREFUSED"
}
2025-06-23 08:32:33 - printf.js - ERROR - Redis 客戶端錯誤:, extra={
  "code": "ECONNREFUSED"
}
2025-06-23 08:32:33 - printf.js - ERROR - Redis 客戶端錯誤:, extra={
  "code": "ECONNREFUSED"
}
2025-06-23 08:32:33 - printf.js - ERROR - Redis 客戶端錯誤:, extra={
  "code": "ECONNREFUSED"
}
2025-06-23 08:32:34 - printf.js - ERROR - Redis 客戶端錯誤:, extra={
  "code": "ECONNREFUSED"
}
2025-06-23 08:32:34 - printf.js - ERROR - Redis 客戶端錯誤:, extra={
  "code": "ECONNREFUSED"
}
2025-06-23 08:32:34 - printf.js - ERROR - Redis 客戶端錯誤:, extra={
  "code": "ECONNREFUSED"
}
2025-06-23 08:32:34 - printf.js - ERROR - Redis 客戶端錯誤:, extra={
  "code": "ECONNREFUSED"
}
2025-06-23 08:32:35 - printf.js - ERROR - Redis 客戶端錯誤:, extra={
  "code": "ECONNREFUSED"
}
2025-06-23 08:32:35 - printf.js - ERROR - Redis 客戶端錯誤:, extra={
  "code": "ECONNREFUSED"
}
2025-06-23 08:32:35 - printf.js - ERROR - Redis 客戶端錯誤:, extra={
  "code": "ECONNREFUSED"
}
2025-06-23 08:32:35 - printf.js - ERROR - Redis 客戶端錯誤:, extra={
  "code": "ECONNREFUSED"
}
2025-06-23 08:32:36 - printf.js - ERROR - Redis 客戶端錯誤:, extra={
  "code": "ECONNREFUSED"
}
2025-06-23 08:32:36 - printf.js - ERROR - Redis 客戶端錯誤:, extra={
  "code": "ECONNREFUSED"
}
2025-06-23 08:32:36 - printf.js - ERROR - Redis 客戶端錯誤:, extra={
  "code": "ECONNREFUSED"
}
2025-06-23 08:32:36 - printf.js - ERROR - Redis 客戶端錯誤:, extra={
  "code": "ECONNREFUSED"
}
2025-06-23 08:32:37 - printf.js - ERROR - Redis 客戶端錯誤:, extra={
  "code": "ECONNREFUSED"
}
2025-06-23 08:32:37 - printf.js - ERROR - Redis 客戶端錯誤:, extra={
  "code": "ECONNREFUSED"
}
2025-06-23 08:32:37 - printf.js - ERROR - Redis 客戶端錯誤:, extra={
  "code": "ECONNREFUSED"
}
2025-06-23 08:32:37 - printf.js - ERROR - Redis 客戶端錯誤:, extra={
  "code": "ECONNREFUSED"
}
2025-06-23 08:32:38 - printf.js - ERROR - Redis 客戶端錯誤:, extra={
  "code": "ECONNREFUSED"
}
2025-06-23 08:32:38 - printf.js - ERROR - Redis 客戶端錯誤:, extra={
  "code": "ECONNREFUSED"
}
2025-06-23 08:32:38 - printf.js - ERROR - Redis 客戶端錯誤:, extra={
  "code": "ECONNREFUSED"
}
2025-06-23 08:32:39 - printf.js - ERROR - Redis 客戶端錯誤:, extra={
  "code": "ECONNREFUSED"
}
2025-06-23 08:32:39 - printf.js - ERROR - Redis 客戶端錯誤:, extra={
  "code": "ECONNREFUSED"
}
2025-06-23 08:32:39 - printf.js - ERROR - Redis 客戶端錯誤:, extra={
  "code": "ECONNREFUSED"
}
2025-06-23 08:32:40 - printf.js - ERROR - Redis 客戶端錯誤:, extra={
  "code": "ECONNREFUSED"
}
2025-06-23 08:32:40 - printf.js - ERROR - Redis 客戶端錯誤:, extra={
  "code": "ECONNREFUSED"
}
2025-06-23 08:32:40 - printf.js - ERROR - Redis 客戶端錯誤:, extra={
  "code": "ECONNREFUSED"
}
2025-06-23 08:32:40 - printf.js - ERROR - Redis 客戶端錯誤:, extra={
  "code": "ECONNREFUSED"
}
2025-06-23 08:32:41 - printf.js - ERROR - Redis 客戶端錯誤:, extra={
  "code": "ECONNREFUSED"
}
2025-06-23 08:32:41 - printf.js - ERROR - Redis 客戶端錯誤:, extra={
  "code": "ECONNREFUSED"
}
2025-06-23 08:32:41 - printf.js - ERROR - Redis 客戶端錯誤:, extra={
  "code": "ECONNREFUSED"
}
2025-06-23 08:32:41 - printf.js - ERROR - Redis 客戶端錯誤:, extra={
  "code": "ECONNREFUSED"
}
2025-06-23 08:32:42 - printf.js - ERROR - Redis 客戶端錯誤:, extra={
  "code": "ECONNREFUSED"
}
2025-06-23 08:32:42 - printf.js - ERROR - Redis 客戶端錯誤:, extra={
  "code": "ECONNREFUSED"
}
2025-06-23 08:32:42 - printf.js - ERROR - Redis 客戶端錯誤:, extra={
  "code": "ECONNREFUSED"
}
2025-06-23 08:32:42 - printf.js - ERROR - Redis 客戶端錯誤:, extra={
  "code": "ECONNREFUSED"
}
2025-06-23 08:32:43 - printf.js - ERROR - Redis 客戶端錯誤:, extra={
  "code": "ECONNREFUSED"
}
2025-06-23 08:32:43 - printf.js - ERROR - Redis 客戶端錯誤:, extra={
  "code": "ECONNREFUSED"
}
2025-06-23 08:32:43 - printf.js - ERROR - Redis 客戶端錯誤:, extra={
  "code": "ECONNREFUSED"
}
2025-06-23 08:32:43 - printf.js - ERROR - Redis 客戶端錯誤:, extra={
  "code": "ECONNREFUSED"
}
2025-06-23 08:32:44 - printf.js - ERROR - Redis 客戶端錯誤:, extra={
  "code": "ECONNREFUSED"
}
2025-06-23 08:32:44 - printf.js - ERROR - Redis 客戶端錯誤:, extra={
  "code": "ECONNREFUSED"
}
2025-06-23 08:32:44 - printf.js - ERROR - Redis 客戶端錯誤:, extra={
  "code": "ECONNREFUSED"
}
2025-06-23 08:32:44 - printf.js - ERROR - Redis 客戶端錯誤:, extra={
  "code": "ECONNREFUSED"
}
2025-06-23 08:32:45 - printf.js - ERROR - Redis 客戶端錯誤:, extra={
  "code": "ECONNREFUSED"
}
2025-06-23 08:32:45 - printf.js - ERROR - Redis 客戶端錯誤:, extra={
  "code": "ECONNREFUSED"
}
2025-06-23 08:32:45 - printf.js - ERROR - Redis 客戶端錯誤:, extra={
  "code": "ECONNREFUSED"
}
2025-06-23 08:32:45 - printf.js - ERROR - Redis 客戶端錯誤:, extra={
  "code": "ECONNREFUSED"
}
2025-06-23 08:32:46 - printf.js - ERROR - Redis 客戶端錯誤:, extra={
  "code": "ECONNREFUSED"
}
2025-06-23 08:32:46 - printf.js - ERROR - Redis 客戶端錯誤:, extra={
  "code": "ECONNREFUSED"
}
2025-06-23 08:32:46 - printf.js - ERROR - Redis 客戶端錯誤:, extra={
  "code": "ECONNREFUSED"
}
2025-06-23 08:32:46 - printf.js - ERROR - Redis 客戶端錯誤:, extra={
  "code": "ECONNREFUSED"
}
2025-06-23 08:32:47 - printf.js - ERROR - Redis 客戶端錯誤:, extra={
  "code": "ECONNREFUSED"
}
2025-06-23 08:32:47 - printf.js - ERROR - Redis 客戶端錯誤:, extra={
  "code": "ECONNREFUSED"
}
2025-06-23 08:32:47 - printf.js - ERROR - Redis 客戶端錯誤:, extra={
  "code": "ECONNREFUSED"
}
2025-06-23 08:32:47 - printf.js - ERROR - Redis 客戶端錯誤:, extra={
  "code": "ECONNREFUSED"
}
2025-06-23 08:32:48 - printf.js - ERROR - Redis 客戶端錯誤:, extra={
  "code": "ECONNREFUSED"
}
2025-06-23 08:32:48 - printf.js - ERROR - Redis 客戶端錯誤:, extra={
  "code": "ECONNREFUSED"
}
2025-06-23 08:32:48 - printf.js - ERROR - Redis 客戶端錯誤:, extra={
  "code": "ECONNREFUSED"
}
2025-06-23 08:32:48 - printf.js - ERROR - Redis 客戶端錯誤:, extra={
  "code": "ECONNREFUSED"
}
2025-06-23 08:32:49 - printf.js - ERROR - Redis 客戶端錯誤:, extra={
  "code": "ECONNREFUSED"
}
2025-06-23 08:32:49 - printf.js - ERROR - Redis 客戶端錯誤:, extra={
  "code": "ECONNREFUSED"
}
2025-06-23 08:32:49 - printf.js - ERROR - Redis 客戶端錯誤:, extra={
  "code": "ECONNREFUSED"
}
2025-06-23 08:32:49 - printf.js - ERROR - Redis 客戶端錯誤:, extra={
  "code": "ECONNREFUSED"
}
2025-06-23 08:32:50 - printf.js - ERROR - Redis 客戶端錯誤:, extra={
  "code": "ECONNREFUSED"
}
2025-06-23 08:32:50 - printf.js - ERROR - Redis 客戶端錯誤:, extra={
  "code": "ECONNREFUSED"
}
2025-06-23 08:32:50 - printf.js - ERROR - Redis 客戶端錯誤:, extra={
  "code": "ECONNREFUSED"
}
2025-06-23 08:32:50 - printf.js - ERROR - Redis 客戶端錯誤:, extra={
  "code": "ECONNREFUSED"
}
2025-06-23 08:32:51 - printf.js - ERROR - Redis 客戶端錯誤:, extra={
  "code": "ECONNREFUSED"
}
2025-06-23 08:32:51 - printf.js - ERROR - Redis 客戶端錯誤:, extra={
  "code": "ECONNREFUSED"
}
2025-06-23 08:32:51 - printf.js - ERROR - Redis 客戶端錯誤:, extra={
  "code": "ECONNREFUSED"
}
2025-06-23 08:32:52 - printf.js - ERROR - Redis 客戶端錯誤:, extra={
  "code": "ECONNREFUSED"
}
2025-06-23 08:32:52 - printf.js - ERROR - Redis 客戶端錯誤:, extra={
  "code": "ECONNREFUSED"
}
2025-06-23 08:32:52 - printf.js - ERROR - Redis 客戶端錯誤:, extra={
  "code": "ECONNREFUSED"
}
2025-06-23 08:32:52 - printf.js - ERROR - Redis 客戶端錯誤:, extra={
  "code": "ECONNREFUSED"
}
2025-06-23 08:32:53 - printf.js - ERROR - Redis 客戶端錯誤:, extra={
  "code": "ECONNREFUSED"
}
2025-06-23 08:32:53 - printf.js - ERROR - Redis 客戶端錯誤:, extra={
  "code": "ECONNREFUSED"
}
2025-06-23 08:32:53 - printf.js - ERROR - Redis 客戶端錯誤:, extra={
  "code": "ECONNREFUSED"
}
2025-06-23 08:32:53 - printf.js - ERROR - Redis 客戶端錯誤:, extra={
  "code": "ECONNREFUSED"
}
2025-06-23 08:32:54 - printf.js - ERROR - Redis 客戶端錯誤:, extra={
  "code": "ECONNREFUSED"
}
2025-06-23 08:32:54 - printf.js - ERROR - Redis 客戶端錯誤:, extra={
  "code": "ECONNREFUSED"
}
2025-06-23 08:32:54 - printf.js - ERROR - Redis 客戶端錯誤:, extra={
  "code": "ECONNREFUSED"
}
2025-06-23 08:32:55 - printf.js - ERROR - Redis 客戶端錯誤:, extra={
  "code": "ECONNREFUSED"
}
2025-06-23 08:32:55 - printf.js - ERROR - Redis 客戶端錯誤:, extra={
  "code": "ECONNREFUSED"
}
2025-06-23 08:32:55 - printf.js - ERROR - Redis 客戶端錯誤:, extra={
  "code": "ECONNREFUSED"
}
2025-06-23 08:32:55 - printf.js - ERROR - Redis 客戶端錯誤:, extra={
  "code": "ECONNREFUSED"
}
2025-06-23 08:32:56 - printf.js - ERROR - Redis 客戶端錯誤:, extra={
  "code": "ECONNREFUSED"
}
2025-06-23 08:32:56 - printf.js - ERROR - Redis 客戶端錯誤:, extra={
  "code": "ECONNREFUSED"
}
2025-06-23 08:32:56 - printf.js - ERROR - Redis 客戶端錯誤:, extra={
  "code": "ECONNREFUSED"
}
2025-06-23 08:32:56 - printf.js - ERROR - Redis 客戶端錯誤:, extra={
  "code": "ECONNREFUSED"
}
2025-06-23 08:32:57 - printf.js - ERROR - Redis 客戶端錯誤:, extra={
  "code": "ECONNREFUSED"
}
2025-06-23 08:32:57 - printf.js - ERROR - Redis 客戶端錯誤:, extra={
  "code": "ECONNREFUSED"
}
2025-06-23 08:32:57 - printf.js - ERROR - Redis 客戶端錯誤:, extra={
  "code": "ECONNREFUSED"
}
2025-06-23 08:32:57 - printf.js - ERROR - Redis 客戶端錯誤:, extra={
  "code": "ECONNREFUSED"
}
2025-06-23 08:32:58 - printf.js - ERROR - Redis 客戶端錯誤:, extra={
  "code": "ECONNREFUSED"
}
2025-06-23 08:32:58 - printf.js - ERROR - Redis 客戶端錯誤:, extra={
  "code": "ECONNREFUSED"
}
2025-06-23 08:32:58 - printf.js - ERROR - Redis 客戶端錯誤:, extra={
  "code": "ECONNREFUSED"
}
2025-06-23 08:32:58 - printf.js - ERROR - Redis 客戶端錯誤:, extra={
  "code": "ECONNREFUSED"
}
2025-06-23 08:32:59 - printf.js - ERROR - Redis 客戶端錯誤:, extra={
  "code": "ECONNREFUSED"
}
2025-06-23 08:32:59 - printf.js - ERROR - Redis 客戶端錯誤:, extra={
  "code": "ECONNREFUSED"
}
2025-06-23 08:32:59 - printf.js - ERROR - Redis 客戶端錯誤:, extra={
  "code": "ECONNREFUSED"
}
2025-06-23 08:32:59 - printf.js - ERROR - Redis 客戶端錯誤:, extra={
  "code": "ECONNREFUSED"
}
2025-06-23 08:33:00 - printf.js - ERROR - Redis 客戶端錯誤:, extra={
  "code": "ECONNREFUSED"
}
2025-06-23 08:33:00 - printf.js - ERROR - Redis 客戶端錯誤:, extra={
  "code": "ECONNREFUSED"
}
2025-06-23 08:33:00 - printf.js - ERROR - Redis 客戶端錯誤:, extra={
  "code": "ECONNREFUSED"
}
2025-06-23 08:33:00 - printf.js - ERROR - Redis 客戶端錯誤:, extra={
  "code": "ECONNREFUSED"
}
2025-06-23 08:33:01 - printf.js - ERROR - Redis 客戶端錯誤:, extra={
  "code": "ECONNREFUSED"
}
2025-06-23 08:33:01 - printf.js - ERROR - Redis 客戶端錯誤:, extra={
  "code": "ECONNREFUSED"
}
2025-06-23 08:33:01 - printf.js - ERROR - Redis 客戶端錯誤:, extra={
  "code": "ECONNREFUSED"
}
2025-06-23 08:33:01 - printf.js - ERROR - Redis 客戶端錯誤:, extra={
  "code": "ECONNREFUSED"
}
2025-06-23 08:33:02 - printf.js - ERROR - Redis 客戶端錯誤:, extra={
  "code": "ECONNREFUSED"
}
2025-06-23 08:33:02 - printf.js - ERROR - Redis 客戶端錯誤:, extra={
  "code": "ECONNREFUSED"
}
2025-06-23 08:33:02 - printf.js - ERROR - Redis 客戶端錯誤:, extra={
  "code": "ECONNREFUSED"
}
2025-06-23 08:33:02 - printf.js - ERROR - Redis 客戶端錯誤:, extra={
  "code": "ECONNREFUSED"
}
2025-06-23 08:33:03 - printf.js - ERROR - Redis 客戶端錯誤:, extra={
  "code": "ECONNREFUSED"
}
2025-06-23 08:33:03 - printf.js - ERROR - Redis 客戶端錯誤:, extra={
  "code": "ECONNREFUSED"
}
2025-06-23 08:33:03 - printf.js - ERROR - Redis 客戶端錯誤:, extra={
  "code": "ECONNREFUSED"
}
2025-06-23 08:33:03 - printf.js - ERROR - Redis 客戶端錯誤:, extra={
  "code": "ECONNREFUSED"
}
2025-06-23 08:33:04 - printf.js - ERROR - Redis 客戶端錯誤:, extra={
  "code": "ECONNREFUSED"
}
2025-06-23 08:33:04 - printf.js - ERROR - Redis 客戶端錯誤:, extra={
  "code": "ECONNREFUSED"
}
2025-06-23 08:33:04 - printf.js - ERROR - Redis 客戶端錯誤:, extra={
  "code": "ECONNREFUSED"
}
2025-06-23 08:33:04 - printf.js - ERROR - Redis 客戶端錯誤:, extra={
  "code": "ECONNREFUSED"
}
2025-06-23 08:33:05 - printf.js - ERROR - Redis 客戶端錯誤:, extra={
  "code": "ECONNREFUSED"
}
2025-06-23 08:33:05 - printf.js - ERROR - Redis 客戶端錯誤:, extra={
  "code": "ECONNREFUSED"
}
2025-06-23 08:33:05 - printf.js - ERROR - Redis 客戶端錯誤:, extra={
  "code": "ECONNREFUSED"
}
2025-06-23 08:33:05 - printf.js - ERROR - Redis 客戶端錯誤:, extra={
  "code": "ECONNREFUSED"
}
2025-06-23 08:33:06 - printf.js - ERROR - Redis 客戶端錯誤:, extra={
  "code": "ECONNREFUSED"
}
2025-06-23 08:33:06 - printf.js - ERROR - Redis 客戶端錯誤:, extra={
  "code": "ECONNREFUSED"
}
2025-06-23 08:33:06 - printf.js - ERROR - Redis 客戶端錯誤:, extra={
  "code": "ECONNREFUSED"
}
2025-06-23 08:33:06 - printf.js - ERROR - Redis 客戶端錯誤:, extra={
  "code": "ECONNREFUSED"
}
2025-06-23 08:33:07 - printf.js - ERROR - Redis 客戶端錯誤:, extra={
  "code": "ECONNREFUSED"
}
2025-06-23 08:33:07 - printf.js - ERROR - Redis 客戶端錯誤:, extra={
  "code": "ECONNREFUSED"
}
2025-06-23 08:33:07 - printf.js - ERROR - Redis 客戶端錯誤:, extra={
  "code": "ECONNREFUSED"
}
2025-06-23 08:33:07 - printf.js - ERROR - Redis 客戶端錯誤:, extra={
  "code": "ECONNREFUSED"
}
2025-06-23 08:33:08 - printf.js - ERROR - Redis 客戶端錯誤:, extra={
  "code": "ECONNREFUSED"
}
2025-06-23 08:33:08 - printf.js - ERROR - Redis 客戶端錯誤:, extra={
  "code": "ECONNREFUSED"
}
2025-06-23 08:33:08 - printf.js - ERROR - Redis 客戶端錯誤:, extra={
  "code": "ECONNREFUSED"
}
2025-06-23 08:33:08 - printf.js - ERROR - Redis 客戶端錯誤:, extra={
  "code": "ECONNREFUSED"
}
2025-06-23 08:33:09 - printf.js - ERROR - Redis 客戶端錯誤:, extra={
  "code": "ECONNREFUSED"
}
2025-06-23 08:33:09 - printf.js - ERROR - Redis 客戶端錯誤:, extra={
  "code": "ECONNREFUSED"
}
2025-06-23 08:33:09 - printf.js - ERROR - Redis 客戶端錯誤:, extra={
  "code": "ECONNREFUSED"
}
2025-06-23 08:33:09 - printf.js - ERROR - Redis 客戶端錯誤:, extra={
  "code": "ECONNREFUSED"
}
2025-06-23 08:33:10 - printf.js - ERROR - Redis 客戶端錯誤:, extra={
  "code": "ECONNREFUSED"
}
2025-06-23 08:33:10 - printf.js - ERROR - Redis 客戶端錯誤:, extra={
  "code": "ECONNREFUSED"
}
2025-06-23 08:33:10 - printf.js - ERROR - Redis 客戶端錯誤:, extra={
  "code": "ECONNREFUSED"
}
2025-06-23 08:33:11 - printf.js - ERROR - Redis 客戶端錯誤:, extra={
  "code": "ECONNREFUSED"
}
2025-06-23 08:33:11 - printf.js - ERROR - Redis 客戶端錯誤:, extra={
  "code": "ECONNREFUSED"
}
2025-06-23 08:33:11 - printf.js - ERROR - Redis 客戶端錯誤:, extra={
  "code": "ECONNREFUSED"
}
2025-06-23 08:33:11 - printf.js - ERROR - Redis 客戶端錯誤:, extra={
  "code": "ECONNREFUSED"
}
2025-06-23 08:33:12 - printf.js - ERROR - Redis 客戶端錯誤:, extra={
  "code": "ECONNREFUSED"
}
2025-06-23 08:33:12 - printf.js - ERROR - Redis 客戶端錯誤:, extra={
  "code": "ECONNREFUSED"
}
2025-06-23 08:33:12 - printf.js - ERROR - Redis 客戶端錯誤:, extra={
  "code": "ECONNREFUSED"
}
2025-06-23 08:33:13 - printf.js - ERROR - Redis 客戶端錯誤:, extra={
  "code": "ECONNREFUSED"
}
2025-06-23 08:33:13 - printf.js - ERROR - Redis 客戶端錯誤:, extra={
  "code": "ECONNREFUSED"
}
2025-06-23 08:33:13 - printf.js - ERROR - Redis 客戶端錯誤:, extra={
  "code": "ECONNREFUSED"
}
2025-06-23 08:33:13 - printf.js - ERROR - Redis 客戶端錯誤:, extra={
  "code": "ECONNREFUSED"
}
2025-06-23 08:33:14 - printf.js - ERROR - Redis 客戶端錯誤:, extra={
  "code": "ECONNREFUSED"
}
2025-06-23 08:33:14 - printf.js - ERROR - Redis 客戶端錯誤:, extra={
  "code": "ECONNREFUSED"
}
2025-06-23 08:33:14 - printf.js - ERROR - Redis 客戶端錯誤:, extra={
  "code": "ECONNREFUSED"
}
2025-06-23 08:33:14 - printf.js - ERROR - Redis 客戶端錯誤:, extra={
  "code": "ECONNREFUSED"
}
2025-06-23 08:33:15 - printf.js - ERROR - Redis 客戶端錯誤:, extra={
  "code": "ECONNREFUSED"
}
2025-06-23 08:33:15 - printf.js - ERROR - Redis 客戶端錯誤:, extra={
  "code": "ECONNREFUSED"
}
2025-06-23 08:33:15 - printf.js - ERROR - Redis 客戶端錯誤:, extra={
  "code": "ECONNREFUSED"
}
2025-06-23 08:33:15 - printf.js - ERROR - Redis 客戶端錯誤:, extra={
  "code": "ECONNREFUSED"
}
2025-06-23 08:33:16 - printf.js - ERROR - Redis 客戶端錯誤:, extra={
  "code": "ECONNREFUSED"
}
2025-06-23 08:33:16 - printf.js - ERROR - Redis 客戶端錯誤:, extra={
  "code": "ECONNREFUSED"
}
2025-06-23 08:33:16 - printf.js - ERROR - Redis 客戶端錯誤:, extra={
  "code": "ECONNREFUSED"
}
2025-06-23 08:33:16 - printf.js - ERROR - Redis 客戶端錯誤:, extra={
  "code": "ECONNREFUSED"
}
2025-06-23 08:33:17 - printf.js - ERROR - Redis 客戶端錯誤:, extra={
  "code": "ECONNREFUSED"
}
2025-06-23 08:33:17 - printf.js - ERROR - Redis 客戶端錯誤:, extra={
  "code": "ECONNREFUSED"
}
2025-06-23 08:33:17 - printf.js - ERROR - Redis 客戶端錯誤:, extra={
  "code": "ECONNREFUSED"
}
2025-06-23 08:33:17 - printf.js - ERROR - Redis 客戶端錯誤:, extra={
  "code": "ECONNREFUSED"
}
2025-06-23 08:33:18 - printf.js - ERROR - Redis 客戶端錯誤:, extra={
  "code": "ECONNREFUSED"
}
2025-06-23 08:33:18 - printf.js - ERROR - Redis 客戶端錯誤:, extra={
  "code": "ECONNREFUSED"
}
2025-06-23 08:33:18 - printf.js - ERROR - Redis 客戶端錯誤:, extra={
  "code": "ECONNREFUSED"
}
2025-06-23 08:33:18 - printf.js - ERROR - Redis 客戶端錯誤:, extra={
  "code": "ECONNREFUSED"
}
2025-06-23 08:33:19 - printf.js - ERROR - Redis 客戶端錯誤:, extra={
  "code": "ECONNREFUSED"
}
2025-06-23 08:33:19 - printf.js - ERROR - Redis 客戶端錯誤:, extra={
  "code": "ECONNREFUSED"
}
2025-06-23 08:33:20 - printf.js - ERROR - Redis 客戶端錯誤:, extra={
  "code": "ECONNREFUSED"
}
2025-06-23 08:33:20 - printf.js - ERROR - Redis 客戶端錯誤:, extra={
  "code": "ECONNREFUSED"
}
2025-06-23 08:33:20 - printf.js - ERROR - Redis 客戶端錯誤:, extra={
  "code": "ECONNREFUSED"
}
2025-06-23 08:33:20 - printf.js - ERROR - Redis 客戶端錯誤:, extra={
  "code": "ECONNREFUSED"
}
2025-06-23 08:33:21 - printf.js - ERROR - Redis 客戶端錯誤:, extra={
  "code": "ECONNREFUSED"
}
2025-06-23 08:33:21 - printf.js - ERROR - Redis 客戶端錯誤:, extra={
  "code": "ECONNREFUSED"
}
2025-06-23 08:33:21 - printf.js - ERROR - Redis 客戶端錯誤:, extra={
  "code": "ECONNREFUSED"
}
2025-06-23 08:33:21 - printf.js - ERROR - Redis 客戶端錯誤:, extra={
  "code": "ECONNREFUSED"
}
2025-06-23 08:33:22 - printf.js - ERROR - Redis 客戶端錯誤:, extra={
  "code": "ECONNREFUSED"
}
2025-06-23 08:33:22 - printf.js - ERROR - Redis 客戶端錯誤:, extra={
  "code": "ECONNREFUSED"
}
2025-06-23 08:33:22 - printf.js - ERROR - Redis 客戶端錯誤:, extra={
  "code": "ECONNREFUSED"
}
2025-06-23 08:33:22 - printf.js - ERROR - Redis 客戶端錯誤:, extra={
  "code": "ECONNREFUSED"
}
2025-06-23 08:33:23 - printf.js - ERROR - Redis 客戶端錯誤:, extra={
  "code": "ECONNREFUSED"
}
2025-06-23 08:33:23 - printf.js - ERROR - Redis 客戶端錯誤:, extra={
  "code": "ECONNREFUSED"
}
2025-06-23 08:33:23 - printf.js - ERROR - Redis 客戶端錯誤:, extra={
  "code": "ECONNREFUSED"
}
2025-06-23 08:33:23 - printf.js - ERROR - Redis 客戶端錯誤:, extra={
  "code": "ECONNREFUSED"
}
2025-06-23 08:33:24 - printf.js - ERROR - Redis 客戶端錯誤:, extra={
  "code": "ECONNREFUSED"
}
2025-06-23 08:33:24 - printf.js - ERROR - Redis 客戶端錯誤:, extra={
  "code": "ECONNREFUSED"
}
2025-06-23 08:33:24 - printf.js - ERROR - Redis 客戶端錯誤:, extra={
  "code": "ECONNREFUSED"
}
2025-06-23 08:33:24 - printf.js - ERROR - Redis 客戶端錯誤:, extra={
  "code": "ECONNREFUSED"
}
2025-06-23 08:33:25 - printf.js - ERROR - Redis 客戶端錯誤:, extra={
  "code": "ECONNREFUSED"
}
2025-06-23 08:33:25 - printf.js - ERROR - Redis 客戶端錯誤:, extra={
  "code": "ECONNREFUSED"
}
2025-06-23 08:33:25 - printf.js - ERROR - Redis 客戶端錯誤:, extra={
  "code": "ECONNREFUSED"
}
2025-06-23 08:33:25 - printf.js - ERROR - Redis 客戶端錯誤:, extra={
  "code": "ECONNREFUSED"
}
2025-06-23 08:33:26 - printf.js - ERROR - Redis 客戶端錯誤:, extra={
  "code": "ECONNREFUSED"
}
2025-06-23 08:33:26 - printf.js - ERROR - Redis 客戶端錯誤:, extra={
  "code": "ECONNREFUSED"
}
2025-06-23 08:33:26 - printf.js - ERROR - Redis 客戶端錯誤:, extra={
  "code": "ECONNREFUSED"
}
2025-06-23 08:33:26 - printf.js - ERROR - Redis 客戶端錯誤:, extra={
  "code": "ECONNREFUSED"
}
2025-06-23 08:33:27 - printf.js - ERROR - Redis 客戶端錯誤:, extra={
  "code": "ECONNREFUSED"
}
2025-06-23 08:33:27 - printf.js - ERROR - Redis 客戶端錯誤:, extra={
  "code": "ECONNREFUSED"
}
2025-06-23 08:33:27 - printf.js - ERROR - Redis 客戶端錯誤:, extra={
  "code": "ECONNREFUSED"
}
2025-06-23 08:33:27 - printf.js - ERROR - Redis 客戶端錯誤:, extra={
  "code": "ECONNREFUSED"
}
2025-06-23 08:33:28 - printf.js - ERROR - Redis 客戶端錯誤:, extra={
  "code": "ECONNREFUSED"
}
2025-06-23 08:33:28 - printf.js - ERROR - Redis 客戶端錯誤:, extra={
  "code": "ECONNREFUSED"
}
2025-06-23 08:33:28 - printf.js - ERROR - Redis 客戶端錯誤:, extra={
  "code": "ECONNREFUSED"
}
2025-06-23 08:33:28 - printf.js - ERROR - Redis 客戶端錯誤:, extra={
  "code": "ECONNREFUSED"
}
2025-06-23 08:33:29 - printf.js - ERROR - Redis 客戶端錯誤:, extra={
  "code": "ECONNREFUSED"
}
2025-06-23 08:33:29 - printf.js - ERROR - Redis 客戶端錯誤:, extra={
  "code": "ECONNREFUSED"
}
2025-06-23 08:33:29 - printf.js - ERROR - Redis 客戶端錯誤:, extra={
  "code": "ECONNREFUSED"
}
2025-06-23 08:33:29 - printf.js - ERROR - Redis 客戶端錯誤:, extra={
  "code": "ECONNREFUSED"
}
2025-06-23 08:33:30 - printf.js - ERROR - Redis 客戶端錯誤:, extra={
  "code": "ECONNREFUSED"
}
2025-06-23 08:33:30 - printf.js - ERROR - Redis 客戶端錯誤:, extra={
  "code": "ECONNREFUSED"
}
2025-06-23 08:33:30 - printf.js - ERROR - Redis 客戶端錯誤:, extra={
  "code": "ECONNREFUSED"
}
2025-06-23 08:33:30 - printf.js - ERROR - Redis 客戶端錯誤:, extra={
  "code": "ECONNREFUSED"
}
2025-06-23 08:33:31 - printf.js - ERROR - Redis 客戶端錯誤:, extra={
  "code": "ECONNREFUSED"
}
2025-06-23 08:33:31 - printf.js - ERROR - Redis 客戶端錯誤:, extra={
  "code": "ECONNREFUSED"
}
2025-06-23 08:33:31 - printf.js - ERROR - Redis 客戶端錯誤:, extra={
  "code": "ECONNREFUSED"
}
2025-06-23 08:33:31 - printf.js - ERROR - Redis 客戶端錯誤:, extra={
  "code": "ECONNREFUSED"
}
2025-06-23 08:33:32 - printf.js - ERROR - Redis 客戶端錯誤:, extra={
  "code": "ECONNREFUSED"
}
2025-06-23 08:33:32 - printf.js - ERROR - Redis 客戶端錯誤:, extra={
  "code": "ECONNREFUSED"
}
2025-06-23 08:33:32 - printf.js - ERROR - Redis 客戶端錯誤:, extra={
  "code": "ECONNREFUSED"
}
2025-06-23 08:33:32 - printf.js - ERROR - Redis 客戶端錯誤:, extra={
  "code": "ECONNREFUSED"
}
2025-06-23 08:33:33 - printf.js - ERROR - Redis 客戶端錯誤:, extra={
  "code": "ECONNREFUSED"
}
2025-06-23 08:33:33 - printf.js - ERROR - Redis 客戶端錯誤:, extra={
  "code": "ECONNREFUSED"
}
2025-06-23 08:33:33 - printf.js - ERROR - Redis 客戶端錯誤:, extra={
  "code": "ECONNREFUSED"
}
2025-06-23 08:33:33 - printf.js - ERROR - Redis 客戶端錯誤:, extra={
  "code": "ECONNREFUSED"
}
2025-06-23 08:33:34 - printf.js - ERROR - Redis 客戶端錯誤:, extra={
  "code": "ECONNREFUSED"
}
2025-06-23 08:33:34 - printf.js - ERROR - Redis 客戶端錯誤:, extra={
  "code": "ECONNREFUSED"
}
2025-06-23 08:33:34 - printf.js - ERROR - Redis 客戶端錯誤:, extra={
  "code": "ECONNREFUSED"
}
2025-06-23 08:33:34 - printf.js - ERROR - Redis 客戶端錯誤:, extra={
  "code": "ECONNREFUSED"
}
2025-06-23 08:33:35 - printf.js - ERROR - Redis 客戶端錯誤:, extra={
  "code": "ECONNREFUSED"
}
2025-06-23 08:33:35 - printf.js - ERROR - Redis 客戶端錯誤:, extra={
  "code": "ECONNREFUSED"
}
2025-06-23 08:33:35 - printf.js - ERROR - Redis 客戶端錯誤:, extra={
  "code": "ECONNREFUSED"
}
2025-06-23 08:33:35 - printf.js - ERROR - Redis 客戶端錯誤:, extra={
  "code": "ECONNREFUSED"
}
2025-06-23 08:33:36 - printf.js - ERROR - Redis 客戶端錯誤:, extra={
  "code": "ECONNREFUSED"
}
2025-06-23 08:33:36 - printf.js - ERROR - Redis 客戶端錯誤:, extra={
  "code": "ECONNREFUSED"
}
2025-06-23 08:33:37 - printf.js - ERROR - Redis 客戶端錯誤:, extra={
  "code": "ECONNREFUSED"
}
2025-06-23 08:33:37 - printf.js - ERROR - Redis 客戶端錯誤:, extra={
  "code": "ECONNREFUSED"
}
2025-06-23 08:33:37 - printf.js - ERROR - Redis 客戶端錯誤:, extra={
  "code": "ECONNREFUSED"
}
2025-06-23 08:33:37 - printf.js - ERROR - Redis 客戶端錯誤:, extra={
  "code": "ECONNREFUSED"
}
2025-06-23 08:33:38 - printf.js - ERROR - Redis 客戶端錯誤:, extra={
  "code": "ECONNREFUSED"
}
2025-06-23 08:33:38 - printf.js - ERROR - Redis 客戶端錯誤:, extra={
  "code": "ECONNREFUSED"
}
2025-06-23 08:33:38 - printf.js - ERROR - Redis 客戶端錯誤:, extra={
  "code": "ECONNREFUSED"
}
2025-06-23 08:33:38 - printf.js - ERROR - Redis 客戶端錯誤:, extra={
  "code": "ECONNREFUSED"
}
2025-06-23 08:33:39 - printf.js - ERROR - Redis 客戶端錯誤:, extra={
  "code": "ECONNREFUSED"
}
2025-06-23 08:33:39 - printf.js - ERROR - Redis 客戶端錯誤:, extra={
  "code": "ECONNREFUSED"
}
2025-06-23 08:33:39 - printf.js - ERROR - Redis 客戶端錯誤:, extra={
  "code": "ECONNREFUSED"
}
2025-06-23 08:33:39 - printf.js - ERROR - Redis 客戶端錯誤:, extra={
  "code": "ECONNREFUSED"
}
2025-06-23 08:33:40 - printf.js - ERROR - Redis 客戶端錯誤:, extra={
  "code": "ECONNREFUSED"
}
2025-06-23 08:33:40 - printf.js - ERROR - Redis 客戶端錯誤:, extra={
  "code": "ECONNREFUSED"
}
2025-06-23 08:33:40 - printf.js - ERROR - Redis 客戶端錯誤:, extra={
  "code": "ECONNREFUSED"
}
2025-06-23 08:33:40 - printf.js - ERROR - Redis 客戶端錯誤:, extra={
  "code": "ECONNREFUSED"
}
2025-06-23 08:33:41 - printf.js - ERROR - Redis 客戶端錯誤:, extra={
  "code": "ECONNREFUSED"
}
2025-06-23 08:33:41 - printf.js - ERROR - Redis 客戶端錯誤:, extra={
  "code": "ECONNREFUSED"
}
2025-06-23 08:33:41 - printf.js - ERROR - Redis 客戶端錯誤:, extra={
  "code": "ECONNREFUSED"
}
2025-06-23 08:33:41 - printf.js - ERROR - Redis 客戶端錯誤:, extra={
  "code": "ECONNREFUSED"
}
2025-06-23 08:33:42 - printf.js - ERROR - Redis 客戶端錯誤:, extra={
  "code": "ECONNREFUSED"
}
2025-06-23 08:33:42 - printf.js - ERROR - Redis 客戶端錯誤:, extra={
  "code": "ECONNREFUSED"
}
2025-06-23 08:33:42 - printf.js - ERROR - Redis 客戶端錯誤:, extra={
  "code": "ECONNREFUSED"
}
2025-06-23 08:33:42 - printf.js - ERROR - Redis 客戶端錯誤:, extra={
  "code": "ECONNREFUSED"
}
2025-06-23 08:33:43 - printf.js - ERROR - Redis 客戶端錯誤:, extra={
  "code": "ECONNREFUSED"
}
2025-06-23 08:33:43 - printf.js - ERROR - Redis 客戶端錯誤:, extra={
  "code": "ECONNREFUSED"
}
2025-06-23 08:33:43 - printf.js - ERROR - Redis 客戶端錯誤:, extra={
  "code": "ECONNREFUSED"
}
2025-06-23 08:33:43 - printf.js - ERROR - Redis 客戶端錯誤:, extra={
  "code": "ECONNREFUSED"
}
2025-06-23 08:33:44 - printf.js - ERROR - Redis 客戶端錯誤:, extra={
  "code": "ECONNREFUSED"
}
2025-06-23 08:33:44 - printf.js - ERROR - Redis 客戶端錯誤:, extra={
  "code": "ECONNREFUSED"
}
2025-06-23 08:33:44 - printf.js - ERROR - Redis 客戶端錯誤:, extra={
  "code": "ECONNREFUSED"
}
2025-06-23 08:33:44 - printf.js - ERROR - Redis 客戶端錯誤:, extra={
  "code": "ECONNREFUSED"
}
2025-06-23 08:33:45 - printf.js - ERROR - Redis 客戶端錯誤:, extra={
  "code": "ECONNREFUSED"
}
2025-06-23 08:33:45 - printf.js - ERROR - Redis 客戶端錯誤:, extra={
  "code": "ECONNREFUSED"
}
2025-06-23 08:33:45 - printf.js - ERROR - Redis 客戶端錯誤:, extra={
  "code": "ECONNREFUSED"
}
2025-06-23 08:33:45 - printf.js - ERROR - Redis 客戶端錯誤:, extra={
  "code": "ECONNREFUSED"
}
2025-06-23 08:33:46 - printf.js - ERROR - Redis 客戶端錯誤:, extra={
  "code": "ECONNREFUSED"
}
2025-06-23 08:33:46 - printf.js - ERROR - Redis 客戶端錯誤:, extra={
  "code": "ECONNREFUSED"
}
2025-06-23 08:33:46 - printf.js - ERROR - Redis 客戶端錯誤:, extra={
  "code": "ECONNREFUSED"
}
2025-06-23 08:33:46 - printf.js - ERROR - Redis 客戶端錯誤:, extra={
  "code": "ECONNREFUSED"
}
2025-06-23 08:33:47 - printf.js - ERROR - Redis 客戶端錯誤:, extra={
  "code": "ECONNREFUSED"
}
2025-06-23 08:33:47 - printf.js - ERROR - Redis 客戶端錯誤:, extra={
  "code": "ECONNREFUSED"
}
2025-06-23 08:33:47 - printf.js - ERROR - Redis 客戶端錯誤:, extra={
  "code": "ECONNREFUSED"
}
2025-06-23 08:33:47 - printf.js - ERROR - Redis 客戶端錯誤:, extra={
  "code": "ECONNREFUSED"
}
2025-06-23 08:33:48 - printf.js - ERROR - Redis 客戶端錯誤:, extra={
  "code": "ECONNREFUSED"
}
2025-06-23 08:33:48 - printf.js - ERROR - Redis 客戶端錯誤:, extra={
  "code": "ECONNREFUSED"
}
2025-06-23 08:33:48 - printf.js - ERROR - Redis 客戶端錯誤:, extra={
  "code": "ECONNREFUSED"
}
2025-06-23 08:33:48 - printf.js - ERROR - Redis 客戶端錯誤:, extra={
  "code": "ECONNREFUSED"
}
2025-06-23 08:33:49 - printf.js - ERROR - Redis 客戶端錯誤:, extra={
  "code": "ECONNREFUSED"
}
2025-06-23 08:33:49 - printf.js - ERROR - Redis 客戶端錯誤:, extra={
  "code": "ECONNREFUSED"
}
2025-06-23 08:33:49 - printf.js - ERROR - Redis 客戶端錯誤:, extra={
  "code": "ECONNREFUSED"
}
2025-06-23 08:33:49 - printf.js - ERROR - Redis 客戶端錯誤:, extra={
  "code": "ECONNREFUSED"
}
2025-06-23 08:33:50 - printf.js - ERROR - Redis 客戶端錯誤:, extra={
  "code": "ECONNREFUSED"
}
2025-06-23 08:33:50 - printf.js - ERROR - Redis 客戶端錯誤:, extra={
  "code": "ECONNREFUSED"
}
2025-06-23 08:33:50 - printf.js - ERROR - Redis 客戶端錯誤:, extra={
  "code": "ECONNREFUSED"
}
2025-06-23 08:33:50 - printf.js - ERROR - Redis 客戶端錯誤:, extra={
  "code": "ECONNREFUSED"
}
2025-06-23 08:33:51 - printf.js - ERROR - Redis 客戶端錯誤:, extra={
  "code": "ECONNREFUSED"
}
2025-06-23 08:33:51 - printf.js - ERROR - Redis 客戶端錯誤:, extra={
  "code": "ECONNREFUSED"
}
2025-06-23 08:33:51 - printf.js - ERROR - Redis 客戶端錯誤:, extra={
  "code": "ECONNREFUSED"
}
2025-06-23 08:33:51 - printf.js - ERROR - Redis 客戶端錯誤:, extra={
  "code": "ECONNREFUSED"
}
2025-06-23 08:45:28 - printf.js - INFO - db info: postgres@localhost:5430/chatAVA
2025-06-23 08:45:30 - printf.js - INFO - SSO_TYPE: 
2025-06-23 08:45:36 - printf.js - INFO - server is connection at http://localhost:8081
2025-06-23 08:45:36 - printf.js - ERROR - Redis 客戶端錯誤:
2025-06-23 08:45:36 - printf.js - ERROR - Redis 客戶端錯誤:
2025-06-23 08:45:36 - printf.js - INFO - Redis 客戶端連接成功
2025-06-23 08:45:36 - printf.js - INFO - Redis 客戶端連接成功
2025-06-23 08:45:36 - printf.js - INFO - 所有 Redis 客戶端已連接
2025-06-23 08:49:32 - printf.js - DEBUG - Connected to PostgreSQL database successfully.
2025-06-23 08:49:33 - printf.js - INFO - here, extra={
  "uid": "6839dbd7-14f3-42c1-8902-4654cb8ea49b",
  "nickname": "遊客",
  "user_no": "guest",
  "sex": "1",
  "avatar": null,
  "user_type": "guest"
}
2025-06-23 08:49:38 - printf.js - INFO - userInfo, extra={
  "uid": "6839dbd7-14f3-42c1-8902-4654cb8ea49b",
  "nickname": "遊客",
  "user_no": "guest",
  "sex": "1",
  "avatar": null,
  "user_type": "guest"
}
2025-06-23 08:49:39 - printf.js - INFO - userInfo, extra={
  "uid": "6839dbd7-14f3-42c1-8902-4654cb8ea49b",
  "nickname": "遊客",
  "user_no": "guest",
  "sex": "1",
  "avatar": null,
  "user_type": "guest"
}
2025-06-23 08:49:39 - printf.js - DEBUG - Connected to PostgreSQL database successfully.
2025-06-23 08:49:46 - printf.js - DEBUG - Connected to PostgreSQL database successfully.
2025-06-23 08:49:46 - printf.js - INFO - 專家excel專家尚無聊天室，開始建立聊天室...
2025-06-23 08:49:46 - printf.js - INFO - 專家中鋼專家尚無聊天室，開始建立聊天室...
2025-06-23 08:49:46 - printf.js - INFO - 專家t1尚無聊天室，開始建立聊天室...
2025-06-23 08:49:46 - printf.js - INFO - 專家t1聊天室建立完成 !
2025-06-23 08:49:46 - printf.js - INFO - 專家中鋼專家聊天室建立完成 !
2025-06-23 08:49:46 - printf.js - INFO - 專家excel專家聊天室建立完成 !
2025-06-23 08:49:47 - printf.js - INFO - expertSkillRows []
2025-06-23 08:49:47 - printf.js - INFO - bot.getIconList:, extra={
  "expertId": "23"
}
2025-06-23 08:49:48 - printf.js - DEBUG - Connected to PostgreSQL database successfully.
2025-06-23 08:49:48 - printf.js - DEBUG - Connected to PostgreSQL database successfully.
2025-06-23 08:49:48 - printf.js - INFO - userInfo, extra={
  "uid": "6839dbd7-14f3-42c1-8902-4654cb8ea49b",
  "nickname": "遊客",
  "user_no": "guest",
  "sex": "1",
  "avatar": null,
  "user_type": "guest"
}
2025-06-23 08:49:49 - printf.js - INFO - expertSkillRows []
2025-06-23 08:49:49 - printf.js - INFO - bot.getIconList:, extra={
  "expertId": "23"
}
2025-06-23 08:49:49 - printf.js - INFO - userInfo, extra={
  "uid": "6839dbd7-14f3-42c1-8902-4654cb8ea49b",
  "nickname": "遊客",
  "user_no": "guest",
  "sex": "1",
  "avatar": null,
  "user_type": "guest"
}
2025-06-23 08:52:40 - printf.js - DEBUG - Connected to PostgreSQL database successfully.
2025-06-23 08:52:41 - printf.js - INFO - userInfo, extra={
  "uid": "6839dbd7-14f3-42c1-8902-4654cb8ea49b",
  "nickname": "遊客",
  "user_no": "guest",
  "sex": "1",
  "avatar": null,
  "user_type": "guest"
}
2025-06-23 08:56:20 - printf.js - DEBUG - Connected to PostgreSQL database successfully.
2025-06-23 08:56:21 - printf.js - DEBUG - Connected to PostgreSQL database successfully.
2025-06-23 08:56:22 - printf.js - INFO - userInfo, extra={
  "uid": "6839dbd7-14f3-42c1-8902-4654cb8ea49b",
  "nickname": "遊客",
  "user_no": "guest",
  "sex": "1",
  "avatar": null,
  "user_type": "guest"
}
2025-06-23 08:56:26 - printf.js - INFO - expertSkillRows []
2025-06-23 08:56:27 - printf.js - DEBUG - Connected to PostgreSQL database successfully.
2025-06-23 08:56:27 - printf.js - DEBUG - Connected to PostgreSQL database successfully.
2025-06-23 08:56:27 - printf.js - DEBUG - Connected to PostgreSQL database successfully.
2025-06-23 08:56:27 - printf.js - INFO - bot.getIconList:, extra={
  "expertId": "23"
}
2025-06-23 08:56:28 - printf.js - INFO - bot.getIconList:, extra={
  "expertId": "23"
}
