2025-06-30 08:50:12 - printf.js - INFO - db info: postgres@localhost:5430/chatAVA
2025-06-30 08:50:15 - printf.js - INFO - SSO_TYPE: 
2025-06-30 08:50:21 - printf.js - INFO - server is connection at http://localhost:8081
2025-06-30 08:50:21 - printf.js - ERROR - Redis 客戶端錯誤:
2025-06-30 08:50:21 - printf.js - ERROR - Redis 客戶端錯誤:
2025-06-30 08:50:21 - printf.js - INFO - Redis 客戶端連接成功
2025-06-30 08:50:21 - printf.js - INFO - Redis 客戶端連接成功
2025-06-30 08:50:21 - printf.js - INFO - 所有 Redis 客戶端已連接
2025-06-30 08:51:16 - printf.js - INFO - initial reids: function v4(options, buf, offset) {
  if (_native.default.randomUUID && !buf && !options) {
    return _native.default.randomUUID();
  }

  options = options || {};

  const rnds = options.random || (options.rng || _rng.default)(); // Per 4.4, set bits for version and `clock_seq_hi_and_reserved`


  rnds[6] = rnds[6] & 0x0f | 0x40;
  rnds[8] = rnds[8] & 0x3f | 0x80; // Copy bytes to buffer, if provided

  if (buf) {
    offset = offset || 0;

    for (let i = 0; i < 16; ++i) {
      buf[offset + i] = rnds[i];
    }

    return buf;
  }

  return (0, _stringify.unsafeStringify)(rnds);
}
2025-06-30 08:51:17 - printf.js - DEBUG - Connected to PostgreSQL database successfully.
2025-06-30 08:51:17 - printf.js - INFO - here, extra={
  "uid": "ad77c363-25ea-4537-b3b8-c4f3681299d8",
  "nickname": "遊客",
  "user_no": "guest",
  "sex": "1",
  "avatar": null,
  "user_type": "guest"
}
2025-06-30 08:51:22 - printf.js - INFO - userInfo, extra={
  "uid": "ad77c363-25ea-4537-b3b8-c4f3681299d8",
  "nickname": "遊客",
  "user_no": "guest",
  "sex": "1",
  "avatar": null,
  "user_type": "guest"
}
2025-06-30 08:51:28 - printf.js - DEBUG - Connected to PostgreSQL database successfully.
2025-06-30 08:51:28 - printf.js - INFO - 專家excel專家尚無聊天室，開始建立聊天室...
2025-06-30 08:51:28 - printf.js - INFO - 專家中鋼專家尚無聊天室，開始建立聊天室...
2025-06-30 08:51:28 - printf.js - INFO - 專家t1尚無聊天室，開始建立聊天室...
2025-06-30 08:51:29 - printf.js - DEBUG - Connected to PostgreSQL database successfully.
2025-06-30 08:51:29 - printf.js - INFO - 專家中鋼專家聊天室建立完成 !
2025-06-30 08:51:29 - printf.js - INFO - 專家excel專家聊天室建立完成 !
2025-06-30 08:51:29 - printf.js - INFO - 專家t1聊天室建立完成 !
2025-06-30 08:51:29 - printf.js - INFO - expertSkillRows []
2025-06-30 08:51:29 - printf.js - INFO - bot.getIconList:, extra={
  "expertId": "23"
}
2025-06-30 08:51:29 - printf.js - DEBUG - Connected to PostgreSQL database successfully.
2025-06-30 08:51:29 - printf.js - DEBUG - Connected to PostgreSQL database successfully.
2025-06-30 08:51:29 - printf.js - INFO - userInfo, extra={
  "uid": "ad77c363-25ea-4537-b3b8-c4f3681299d8",
  "nickname": "遊客",
  "user_no": "guest",
  "sex": "1",
  "avatar": null,
  "user_type": "guest"
}
2025-06-30 15:04:00 - printf.js - INFO - db info: postgres@localhost:5430/chatAVA
2025-06-30 15:04:02 - printf.js - INFO - SSO_TYPE: 
2025-06-30 15:04:07 - printf.js - INFO - server is connection at http://localhost:8081
2025-06-30 15:04:07 - printf.js - ERROR - Redis 客戶端錯誤:
2025-06-30 15:04:07 - printf.js - ERROR - Redis 客戶端錯誤:
2025-06-30 15:04:07 - printf.js - INFO - Redis 客戶端連接成功
2025-06-30 15:04:07 - printf.js - INFO - Redis 客戶端連接成功
2025-06-30 15:04:07 - printf.js - INFO - 所有 Redis 客戶端已連接
2025-06-30 15:40:08 - printf.js - INFO - db info: postgres@localhost:5430/chatAVA
2025-06-30 15:40:10 - printf.js - INFO - SSO_TYPE: 
2025-06-30 15:40:15 - printf.js - INFO - server is connection at http://localhost:8081
2025-06-30 15:40:15 - printf.js - ERROR - Redis 客戶端錯誤:
2025-06-30 15:40:15 - printf.js - ERROR - Redis 客戶端錯誤:
2025-06-30 15:40:15 - printf.js - INFO - Redis 客戶端連接成功
2025-06-30 15:40:15 - printf.js - INFO - Redis 客戶端連接成功
2025-06-30 15:40:15 - printf.js - INFO - 所有 Redis 客戶端已連接
2025-06-30 15:44:51 - printf.js - INFO - db info: postgres@localhost:5430/chatAVA
2025-06-30 15:44:53 - printf.js - INFO - SSO_TYPE: 
2025-06-30 15:44:57 - printf.js - INFO - server is connection at http://localhost:8081
2025-06-30 15:44:57 - printf.js - ERROR - Redis 客戶端錯誤:
2025-06-30 15:44:57 - printf.js - ERROR - Redis 客戶端錯誤:
2025-06-30 15:44:57 - printf.js - INFO - Redis 客戶端連接成功
2025-06-30 15:44:57 - printf.js - INFO - Redis 客戶端連接成功
2025-06-30 15:44:57 - printf.js - INFO - 所有 Redis 客戶端已連接
